C51 COMPILER V7.06   _                                                                05/13/2009 13:33:10 PAGE 1   


C51 COMPILER V7.06, COMPILATION OF MODULE _
OBJECT MODULE PLACED IN .OBJ
COMPILER INVOKED BY: d:\Keil\C51\BIN\C51.EXE .c BROWSE DEBUG OBJECTEXTEND

stmt level    source

   1          /*-----------------------------------------------
   2            ƣ
   3            ˾ϺӿƼ޹˾
   4            վwww.doflye.cn
   5            дʦ
   6            ڣ2009.5
   7            ޸ģ
   8            ݣ 1Ŀģ˽ⰴɨԭ
   9                   2ʵͬʱȰļЧ λ¿ʼ
  10                   3ӲҪ󣺰 LED 
  11                   ԭȰ°ЧЧ
  12          ------------------------------------------------*/
  13          #include<reg52.h>     //ͷļһҪĶͷļ⹦ܼĴĶ
  14          
  15          
  16          sbit key1=P3^0;//尴λ Ҫлģʽ 
  17          sbit key2=P3^1;
  18          sbit key3=P3^2;
  19          sbit key4=P3^3;
  20          
  21          /******************************************************************/
  22          /*                                                          */
  23          /******************************************************************/
  24          main()
  25          {
  26   1      bit Flag;
  27   1      while(!Flag)           //ִһξֹͣ ȼ⵽Ӧ λЧ
  28   1            {
  29   2            if(!key1)     {P1=0xFE;Flag=1;}//
  30   2                else if(!key2){P1=0xFD;Flag=1;}//
  31   2                else if(!key3){P1=0xFB;Flag=1;}//
  32   2                else if(!key4){P1=0xF7;Flag=1;}//
  33   2            }
  34   1      while(Flag);
  35   1      }
  36          
  37          //иȥ
  38          //ͷúɫڹ⣬ֹŰ


MODULE INFORMATION:   STATIC OVERLAYABLE
   CODE SIZE        =     47    ----
   CONSTANT SIZE    =   ----    ----
   XDATA SIZE       =   ----    ----
   PDATA SIZE       =   ----    ----
   DATA SIZE        =   ----    ----
   IDATA SIZE       =   ----    ----
   BIT SIZE         =   ----       1
END OF MODULE INFORMATION.


C51 COMPILATION COMPLETE.  0 WARNING(S),  0 ERROR(S)
