C51 COMPILER V8.02   __波显_                                                            06/05/2013 14:21:41 PAGE 1   


C51 COMPILER V8.02, COMPILATION OF MODULE __波显_
OBJECT MODULE PLACED IN 超声波显示.OBJ
COMPILER INVOKED BY: C:\Keil\C51\BIN\C51.EXE 超声波显示.C BROWSE DEBUG OBJECTEXTEND

line level    source

   1          //超声波模块显示程序
   2          #include <reg52.h>     //包括一个52标准内核的头文件
   3          #include<intrins.h>  //包含_nop_()函数定义的头文件
   4          #define uchar unsigned char //定义一下方便使用
   5          #define uint  unsigned int
   6          #define ulong unsigned long
   7          sbit Tx  = P3^2; //产生脉冲引脚
   8          sbit Rx  = P3^3; //回波引脚
   9          sbit RS=P2^0;    //寄存器选择位，将RS位定义为P2.0引脚
  10          sbit RW=P2^1;    //读写选择位，将RW位定义为P2.1引脚
  11          sbit E=P2^2;     //使能信号位，将E位定义为P2.2引脚
  12          sbit BF=P0^7;    //忙碌标志位，，将BF位定义为P0.7引脚
  13          unsigned char code string[ ]= {"CHAO SHENG BO"}; 
  14          //unsigned char code string1[ ]={"QUICK STUDY MCU"};
  15          unsigned char code digit[ ]={"0123456789"}; //定义字符数组显示数字
  16          //uchar code SEG7[10]={0xC0,0xF9,0xA4,0xB0,0x99,0x92,0x82,0xF8,0x80,0x90};//数码管0-9
  17          uint distance[4];  //测距接收缓冲区
  18          uchar ge,shi,bai,temp,flag,outcomeH,outcomeL,i;  //自定义寄存器
  19          bit succeed_flag;  //测量成功标志
  20          //********函数声明
  21          void conversion(uint temp_data);
  22          void delay_20us();
  23          void pai_xu();
  24          
  25          
  26          /*****************************************************
  27          函数功能：延时1ms
  28          (3j+2)*i=(3×33+2)×10=1010(微秒)，可以认为是1毫秒
  29          ***************************************************/
  30          void delay1ms()
  31          {
  32   1         unsigned char i,j;   
  33   1               for(i=0;i<10;i++)
  34   1                for(j=0;j<33;j++)
  35   1                 ;             
  36   1       }
  37          /*****************************************************
  38          函数功能：延时若干毫秒
  39          入口参数：n
  40          ***************************************************/
  41           void delay(unsigned char n)
  42           {
  43   1         unsigned char i;
  44   1              for(i=0;i<n;i++)
  45   1                 delay1ms();
  46   1       }
  47          /*****************************************************
  48          函数功能：判断液晶模块的忙碌状态
  49          返回值：result。result=1，忙碌;result=0，不忙
  50          ***************************************************/
  51           unsigned char BusyTest(void)
  52            {
  53   1          bit result;
  54   1              RS=0;       //根据规定，RS为低电平，RW为高电平时，可以读状态
  55   1          RW=1;
C51 COMPILER V8.02   __波显_                                                            06/05/2013 14:21:41 PAGE 2   

  56   1          E=1;        //E=1，才允许读写
  57   1          _nop_();   //空操作
  58   1          _nop_();
  59   1          _nop_(); 
  60   1          _nop_();   //空操作四个机器周期，给硬件反应时间     
  61   1          result=BF;  //将忙碌标志电平赋给result
  62   1         E=0;         //将E恢复低电平
  63   1          return result;
  64   1        }
  65          /*****************************************************
  66          函数功能：将模式设置指令或显示地址写入液晶模块
  67          入口参数：dictate
  68          ***************************************************/
  69          void WriteInstruction (unsigned char dictate)
  70          {   
  71   1          while(BusyTest()==1); //如果忙就等待
  72   1               RS=0;                  //根据规定，RS和R/W同时为低电平时，可以写入指令
  73   1               RW=0;   
  74   1               E=0;                   //E置低电平(根据表8-6，写指令时，E为高脉冲，
  75   1                                   // 就是让E从0到1发生正跳变，所以应先置"0"
  76   1               _nop_();
  77   1               _nop_();             //空操作两个机器周期，给硬件反应时间
  78   1               P0=dictate;            //将数据送入P0口，即写入指令或地址
  79   1               _nop_();
  80   1               _nop_();
  81   1               _nop_();
  82   1               _nop_();               //空操作四个机器周期，给硬件反应时间
  83   1               E=1;                   //E置高电平
  84   1               _nop_();
  85   1               _nop_();
  86   1               _nop_();
  87   1               _nop_();               //空操作四个机器周期，给硬件反应时间
  88   1                E=0;                  //当E由高电平跳变成低电平时，液晶模块开始执行命令
  89   1       }
  90          /*****************************************************
  91          函数功能：指定字符显示的实际地址
  92          入口参数：x
  93          ***************************************************/
  94           void WriteAddress(unsigned char x)
  95           {
  96   1           WriteInstruction(x|0x80); //显示位置的确定方法规定为"80H+地址码x"
  97   1       }
  98          /*****************************************************
  99          函数功能：将数据(字符的标准ASCII码)写入液晶模块
 100          入口参数：y(为字符常量)
 101          ***************************************************/
 102           void WriteData(unsigned char y)
 103           {
 104   1          while(BusyTest()==1);  
 105   1                RS=1;           //RS为高电平，RW为低电平时，可以写入数据
 106   1                RW=0;
 107   1                E=0;            //E置低电平(根据表8-6，写指令时，E为高脉冲，
 108   1                             // 就是让E从0到1发生正跳变，所以应先置"0"
 109   1                P0=y;           //将数据送入P0口，即将数据写入液晶模块
 110   1                _nop_();
 111   1                _nop_();
 112   1                _nop_();
 113   1           _nop_();       //空操作四个机器周期，给硬件反应时间
 114   1                E=1;          //E置高电平
 115   1                _nop_();
 116   1                _nop_();
 117   1                _nop_();
C51 COMPILER V8.02   __波显_                                                            06/05/2013 14:21:41 PAGE 3   

 118   1               _nop_();        //空操作四个机器周期，给硬件反应时间
 119   1               E=0;            //当E由高电平跳变成低电平时，液晶模块开始执行命令
 120   1       }
 121          /*****************************************************
 122          函数功能：对LCD的显示模式进行初始化设置
 123          ***************************************************/
 124          void LcdInitiate(void)
 125          {
 126   1         delay(15);             //延时15ms，首次写指令时应给LCD一段较长的反应时间
 127   1         WriteInstruction(0x38);  //显示模式设置：16×2显示，5×7点阵，8位数据接口
 128   1              delay(5);               //延时5ms　，给硬件一点反应时间
 129   1         WriteInstruction(0x38);
 130   1              delay(5);
 131   1              WriteInstruction(0x38); //连续三次，确保初始化成功
 132   1              delay(5);
 133   1              WriteInstruction(0x0c);  //显示模式设置：显示开，无光标，光标不闪烁
 134   1              delay(5);
 135   1              WriteInstruction(0x06);  //显示模式设置：光标右移，字符不移
 136   1              delay(5);
 137   1              WriteInstruction(0x01);  //清屏幕指令，将以前的显示内容清除
 138   1              delay(5);
 139   1       }
 140           
 141          
 142          
 143          
 144          
 145          
 146          
 147          
 148          
 149          void main(void)   // 主程序
 150          {  uint distance_data,a,b;
 151   1         uchar CONT_1;  
 152   1        uchar k;   //定义变量i指向字符串数组元素
 153   1          LcdInitiate();         //调用LCD初始化函数  
 154   1         delay(10);             //延时10ms，给硬件一点反应时间
 155   1         WriteAddress(0x01);   // 从第1行第3列开始显示
 156   1         k = 0;               //指向字符数组的第1个元素
 157   1              while(string[k] != '\0')
 158   1                      {                                       
 159   2                              WriteData(string[k]);
 160   2                              k++;             //指向下字符数组一个元素                               
 161   2                      }        
 162   1         i=0;
 163   1      
 164   1         flag=0;
 165   1              Tx=0;       //首先拉低脉冲输入引脚
 166   1              TMOD=0x10;    //定时器0，定时器1，16位工作方式
 167   1      //      TR0=1;       //启动定时器0
 168   1         IT1=0;        //由高电平变低电平，触发外部中断
 169   1              //ET0=1;        //打开定时器0中断
 170   1              EX1=0;        //关闭外部中断
 171   1              EA=1;         //打开总中断0     
 172   1        
 173   1              
 174   1      while(1)         //程序循环
 175   1              {
 176   2               WriteAddress(0x41);    // 从第2行第6列开始显示
 177   2                      WriteData('J');  //将万位数字的字符常量写入LCD
 178   2                               WriteData('U');  //将万位数字的字符常量写入LCD
 179   2                                WriteData('L');  //将万位数字的字符常量写入LCD
C51 COMPILER V8.02   __波显_                                                            06/05/2013 14:21:41 PAGE 4   

 180   2                                 WriteData('I');  //将万位数字的字符常量写入LCD
 181   2                                  WriteData(':');  //将万位数字的字符常量写入LCD
 182   2                        WriteData(digit[bai]);  //将万位数字的字符常量写入LCD
 183   2                        WriteData(digit[shi]);  //将千位数字的字符常量写入LCD
 184   2                        WriteData('.');  //将万位数字的字符常量写入LCD
 185   2                        WriteData(digit[ge]);  //将百位数字的字符常量写入LCD
 186   2                        WriteData(' ');  //将百位数字的字符常量写入LCD
 187   2                        WriteData('C');  //将万位数字的字符常量写入LCD
 188   2                        WriteData('M');  //将万位数字的字符常量写入LCD
 189   2        EA=0;
 190   2                   Tx=1;
 191   2              delay_20us();
 192   2              Tx=0;         //产生一个20us的脉冲，在Tx引脚  
 193   2              while(Rx==0); //等待Rx回波引脚变高电平
 194   2                   succeed_flag=0; //清测量成功标志
 195   2                   EX1=1;          //打开外部中断
 196   2                        TH1=0;          //定时器1清零
 197   2              TL1=0;          //定时器1清零
 198   2                   TF1=0;          //
 199   2              TR1=1;          //启动定时器1
 200   2         EA=1;
 201   2      
 202   2            while(TH1 < 30);//等待测量的结果，周期65.535毫秒（可用中断实现）  
 203   2                        TR1=0;          //关闭定时器1
 204   2              EX1=0;          //关闭外部中断
 205   2      
 206   2          if(succeed_flag==1)
 207   2                   {  
 208   3                         distance_data=outcomeH;                //测量结果的高8位
 209   3                 distance_data<<=8;                   //放入16位的高8位
 210   3                           distance_data=distance_data|outcomeL;//与低8位合并成为16位结果数据
 211   3                  distance_data*=12;                  //因为定时器默认为12分频
 212   3                 distance_data/=58;                   //微秒的单位除以58等于厘米
 213   3               }                                      //为什么除以58等于厘米，  Y米=（X秒*344）/2
 214   2                                                                     // X秒=（ 2*Y米）/344 ==》X秒=0.0058*Y米 ==》厘米=微秒/58 
 215   2          if(succeed_flag==0)
 216   2                         {
 217   3                  distance_data=0;                    //没有回波则清零
 218   3      
 219   3                 }
 220   2      
 221   2                 distance[i]=distance_data; //将测量结果的数据放入缓冲区
 222   2                  i++;
 223   2                       if(i==3)
 224   2                           {
 225   3                             distance_data=(distance[0]+distance[1]+distance[2]+distance[3])/4;
 226   3                    
 227   3                  pai_xu();
 228   3                   distance_data=distance[1];
 229   3      
 230   3            
 231   3                 a=distance_data;
 232   3             if(b==a) CONT_1=0;
 233   3             if(b!=a) CONT_1++;
 234   3             if(CONT_1>=3)
 235   3                         { CONT_1=0;
 236   4                                b=a;
 237   4                                conversion(b);
 238   4                              }       
 239   3                               i=0;
 240   3                              }            
 241   2               }
C51 COMPILER V8.02   __波显_                                                            06/05/2013 14:21:41 PAGE 5   

 242   1      }
 243          //***************************************************************
 244          //外部中断0，用做判断回波电平
 245          INTO_()  interrupt 2   // 外部中断是2号
 246           {    
 247   1           outcomeH =TH1;    //取出定时器的值
 248   1           outcomeL =TL1;    //取出定时器的值
 249   1           succeed_flag=1;   //至成功测量的标志
 250   1           EX1=0;            //关闭外部中断
 251   1        }
 252          //****************************************************************
 253          //定时器0中断,用做显示
 254          timer0() interrupt 1  // 定时器0中断是1号
 255             {
 256   1              // TH0=0xfd; //写入定时器0初始值
 257   1              // TL0=0x77;            
 258   1              
 259   1         }
 260          
 261          //显示数据转换程序
 262          void conversion(uint temp_data)  
 263           {  
 264   1          uchar ge_data,shi_data,bai_data ;
 265   1          bai_data=temp_data/100 ;
 266   1          temp_data=temp_data%100;   //取余运算
 267   1          shi_data=temp_data/10 ;
 268   1          temp_data=temp_data%10;   //取余运算
 269   1          ge_data=temp_data;
 270   1      
 271   1          //bai_data=SEG7[bai_data];
 272   1          //shi_data=SEG7[shi_data]&0x7f;
 273   1          //ge_data =SEG7[ge_data];
 274   1      
 275   1          EA=0;
 276   1          bai = bai_data;
 277   1          shi = shi_data;
 278   1          ge  = ge_data ; 
 279   1               EA=1;
 280   1       }
 281          //******************************************************************
 282          
 283          
 284          void delay_20us()
 285           {  uchar bt ;
 286   1          for(bt=0;bt<60;bt++);
 287   1       }
 288             void pai_xu()
 289            {  uint t;
 290   1        if (distance[0]>distance[1])
 291   1          {t=distance[0];distance[0]=distance[1];distance[1]=t;} 
 292   1        if(distance[0]>distance[2])
 293   1          {t=distance[2];distance[2]=distance[0];distance[0]=t;} 
 294   1        if(distance[1]>distance[2])
 295   1          {t=distance[1];distance[1]=distance[2];distance[2]=t;}  
 296   1          }
 297          
 298          


MODULE INFORMATION:   STATIC OVERLAYABLE
   CODE SIZE        =    666    ----
   CONSTANT SIZE    =     25    ----
C51 COMPILER V8.02   __波显_                                                            06/05/2013 14:21:41 PAGE 6   

   XDATA SIZE       =   ----    ----
   PDATA SIZE       =   ----    ----
   DATA SIZE        =     16       7
   IDATA SIZE       =   ----    ----
   BIT SIZE         =      1       1
END OF MODULE INFORMATION.


C51 COMPILATION COMPLETE.  0 WARNING(S),  0 ERROR(S)
