C51 COMPILER V7.06   ____描                                                              05/13/2009 00:29:14 PAGE 1   


C51 COMPILER V7.06, COMPILATION OF MODULE ____描
OBJECT MODULE PLACED IN 动态扫描.OBJ
COMPILER INVOKED BY: d:\Keil\C51\BIN\C51.EXE 动态扫描.c BROWSE DEBUG OBJECTEXTEND

stmt level    source

   1          /*-----------------------------------------------
   2            名称：数码管动态扫描
   3            公司：上海浩豚电子科技有限公司
   4            编写：师访
   5            日期：2009.5
   6            修改：无
   7            内容：数码管使用动态扫描显示，所以可以同时看到数码管同时显示数字或者字符，扫描原理可以参考说明书
   8                  或者视频教程。
   9          ------------------------------------------------*/
  10          #include<reg52.h> //包含头文件，一般情况不需要改动，头文件包含特殊功能寄存器的定义
  11          
  12          
  13          unsigned char const dofly[]={0x3f,0x06,0x5b,0x4f,0x66,0x6d,0x7d,0x07,0x7f,0x6f};// 显示段码值01234567
  14          unsigned char code seg[]={0,1,2,3,4,5,6,7};//分别对应相应的数码管点亮,即位码
  15          /*------------------------------------------------
  16                              延时子程序
  17          ------------------------------------------------*/
  18          void delay(unsigned int cnt)
  19          {
  20   1       while(--cnt);
  21   1      }
  22          /*------------------------------------------------
  23                              主函数
  24          ------------------------------------------------*/
  25          main()
  26          {
  27   1       unsigned char i;
  28   1      
  29   1       while(1)
  30   1            {
  31   2       
  32   2             P0=dofly[i];//取显示数据，段码
  33   2                 P2=seg[i];  //取位码
  34   2                 delay(200); //扫描间隙延时，时间太长会闪烁，太短会造成重影
  35   2                 i++;
  36   2                 if(8==i)    //检测8位扫描完全？
  37   2                   i=0;
  38   2            }
  39   1      }


MODULE INFORMATION:   STATIC OVERLAYABLE
   CODE SIZE        =     45    ----
   CONSTANT SIZE    =      8    ----
   XDATA SIZE       =   ----    ----
   PDATA SIZE       =   ----    ----
   DATA SIZE        =     10       1
   IDATA SIZE       =   ----    ----
   BIT SIZE         =   ----    ----
END OF MODULE INFORMATION.


C51 COMPILATION COMPLETE.  0 WARNING(S),  0 ERROR(S)
