C51 COMPILER V7.06   7920_580B                                                             05/13/2009 12:40:59 PAGE 1   


C51 COMPILER V7.06, COMPILATION OF MODULE 7920_580B
OBJECT MODULE PLACED IN 7920_580b.OBJ
COMPILER INVOKED BY: d:\Keil\C51\BIN\C51.EXE 7920_580b.c BROWSE DEBUG OBJECTEXTEND

stmt level    source

   1          
   2          /*-----------------------------------------------
   3            名称：LCD12864 字库液晶 芯片组st7920
   4            公司：上海浩豚电子科技有限公司
   5            网站：www.doflye.cn
   6            编写：师访
   7            日期：2009.5
   8            修改：无
   9            内容：
  10          ------------------------------------------------*/
  11          #include <stdio.h>
  12          #include <math.h>
  13          #include <reg52.h>
  14          #include <string.h>
  15          
  16          unsigned char code IC_DAT[];
  17          unsigned char code pic1[];
  18          unsigned char code pic2[];
  19          unsigned char code pic3[];
  20          
  21          
  22          sbit    RS =P2^4;
  23          sbit    WRD=P2^5;
  24          sbit    E=  P2^6;
  25          sbit    PSB=P2^1;
  26          sbit    RES=P2^3;
  27          
  28          
  29          void    TransferData(char data1,bit DI);
  30          void    display(void);
  31          void    display_grapic(void);
  32          void    delayms(unsigned int n);
  33          void    DisplayLine(unsigned char line1,unsigned char line2);
  34          void    DisplayGraphic(unsigned char code *adder);
  35          void    delay(unsigned int m);
  36          void    lcd_mesg(unsigned char code *adder1);
  37          
  38          
  39          unsigned char code IC_DAT[]={
  40          "上海浩豚电子科技"  
  41          "单片机开发板系列"
  42          "中文字库测试程序"
  43          "恭喜发财身体健康"
  44          };
  45          unsigned char code IC_DAT2[]={
  46          "海纳百川宽容为先"
  47          "欲成大业诚信为先"
  48          "游弋商海济世为先"
  49          "人立于世守法为先"
  50          };
  51          
  52          void     initinal(void)           //LCD字库初始化程序
  53                    {
  54   1                 delay(40);             //大于40MS的延时程序
  55   1                 PSB=1;                 //设置为8BIT并口工作模式
C51 COMPILER V7.06   7920_580B                                                             05/13/2009 12:40:59 PAGE 2   

  56   1                 delay(1);              //延时
  57   1                 RES=0;                 //复位
  58   1                 delay(1);              //延时
  59   1                 RES=1;                 //复位置高
  60   1                 delay(10);
  61   1                 TransferData(0x30,0);  //Extended Function Set :8BIT设置,RE=0: basic instruction set, G=0 :grap
             -hic display OFF
  62   1                 delay(100);            //大于100uS的延时程序
  63   1                 TransferData(0x30,0);  //Function Set
  64   1                 delay(37);             ////大于37uS的延时程序
  65   1                 TransferData(0x08,0);  //Display on Control
  66   1                 delay(100);            //大于100uS的延时程序
  67   1                 TransferData(0x10,0);  //Cursor Display Control光标设置
  68   1                 delay(100);            //大于100uS的延时程序
  69   1                 TransferData(0x0C,0);  //Display Control,D=1,显示开
  70   1                 delay(100);            //大于100uS的延时程序
  71   1                 TransferData(0x01,0);  //Display Clear
  72   1                 delay(10);             //大于10mS的延时程序
  73   1                 TransferData(0x06,0);  //Enry Mode Set,光标从右向左加1位移动
  74   1                 delay(100);            //大于100uS的延时程序
  75   1                }
  76          
  77          
  78          void     initina2(void)           //LCD显示图片(扩展)初始化程序
  79                    {
  80   1                 delay(40);             //大于40MS的延时程序
  81   1                 PSB=1;                 //设置为8BIT并口工作模式
  82   1                 delay(1);              //延时
  83   1                 RES=0;                 //复位
  84   1                 delay(1);              //延时
  85   1                 RES=1;                 //复位置高
  86   1                 delay(10);
  87   1      
  88   1                 TransferData(0x36,0);  //Extended Function Set RE=1: extended instruction
  89   1                 delay(100);            //大于100uS的延时程序
  90   1                 TransferData(0x36,0);  //Extended Function Set:RE=1: extended instruction set
  91   1                 delay(37);             ////大于37uS的延时程序
  92   1                 TransferData(0x3E,0);  //EXFUNCTION(DL=8BITS,RE=1,G=1)
  93   1                 delay(100);            //大于100uS的延时程序
  94   1                 TransferData(0x01,0);  //CLEAR SCREEN
  95   1                 delay(100);            //大于100uS的延时程序
  96   1                }
  97          
  98          
  99          void    main(void)
 100               {
 101   1               while(1)
 102   1                  {
 103   2                        initina2();            //调用LCD显示图片(扩展)初始化程序
 104   2        
 105   2                DisplayGraphic(pic2);  //显示图片2
 106   2                delayms(200);
 107   2      
 108   2                DisplayGraphic(pic3);  //显示图片3
 109   2                delayms(200);
 110   2      
 111   2                initinal();                    //调用LCD字库初始化程序
 112   2                delay(100);            //大于100uS的延时程序
 113   2                lcd_mesg(IC_DAT);      //显示中文汉字1
 114   2                delayms(240);
 115   2                delayms(240);
 116   2                
C51 COMPILER V7.06   7920_580B                                                             05/13/2009 12:40:59 PAGE 3   

 117   2                initinal();                    //调用LCD字库初始化程序
 118   2                delay(100);            //大于100uS的延时程序 
 119   2                lcd_mesg(IC_DAT2);     //显示中文汉字2
 120   2                delayms(240);
 121   2                        delayms(240);
 122   2              }
 123   1            }
 124          
 125          
 126          
 127          void   lcd_mesg(unsigned char code *adder1)
 128          {
 129   1              unsigned char i;
 130   1              TransferData(0x80,0);  //Set Graphic Display RAM Address
 131   1              delay(100);
 132   1              for(i=0;i<32;i++)
 133   1                      {
 134   2                              TransferData(*adder1,1);
 135   2                              adder1++;
 136   2                      }
 137   1      
 138   1              TransferData(0x90,0);  //Set Graphic Display RAM Address
 139   1              delay(100);
 140   1              for(i=32;i<64;i++)
 141   1                      {
 142   2                              TransferData(*adder1,1);
 143   2                              adder1++;
 144   2                      }
 145   1      }
 146          
 147          
 148          
 149          
 150          void    TransferData(char data1,bit DI)  //传送数据或者命令,当DI=0是,传送命令,当DI=1,传送数据.
 151                    {
 152   1                  WRD=0;
 153   1                  RS=DI;
 154   1                  delay(1);
 155   1                  P0=data1;
 156   1                  E=1;
 157   1                  delay(1);
 158   1                  E=0;
 159   1                 }
 160          
 161          void    delayms(unsigned int n)            //延时10×n毫秒程序
 162                             {
 163   1                            unsigned int i,j;
 164   1                            for(i=0;i<n;i++)
 165   1                               for(j=0;j<2000;j++);
 166   1                         }
 167          
 168          void    delay(unsigned int m)            //延时程序
 169                             {
 170   1                            unsigned int i,j;
 171   1                            for(i=0;i<m;i++)
 172   1                               for(j=0;j<10;j++);
 173   1                         }
 174          
 175          void DisplayGraphic(unsigned char code *adder)
 176          {
 177   1      
 178   1         int i,j;
C51 COMPILER V7.06   7920_580B                                                             05/13/2009 12:40:59 PAGE 4   

 179   1      //*******显示上半屏内容设置
 180   1         for(i=0;i<32;i++)              //
 181   1          { 
 182   2            TransferData((0x80 + i),0); //SET  垂直地址 VERTICAL ADD
 183   2            TransferData(0x80,0);       //SET  水平地址 HORIZONTAL ADD
 184   2            for(j=0;j<16;j++)
 185   2             {
 186   3               TransferData(*adder,1);
 187   3               adder++;
 188   3             }
 189   2          }
 190   1      //*******显示下半屏内容设置
 191   1         for(i=0;i<32;i++)              //
 192   1          {
 193   2            TransferData((0x80 + i),0); //SET 垂直地址 VERTICAL ADD
 194   2            TransferData(0x88,0);       //SET 水平地址 HORIZONTAL ADD
 195   2            for(j=0;j<16;j++)
 196   2             {
 197   3               TransferData(*adder,1);
 198   3               adder++;
 199   3             }
 200   2          }
 201   1      }
 202          
 203          
 204          
 205          unsigned char code pic2[]=
 206          {
 207          0xFF,0xFF,0xFF,0xFF,0xFF,0xFF,0xFF,0xFF,0xFF,0xFF,0xFF,0xFF,0xFF,0xFF,0xFF,0xFF,
 208          0xFF,0xFF,0xFF,0xFF,0xFF,0xFF,0xFF,0xFF,0xFF,0xFF,0xFF,0xFF,0xFF,0xFF,0xFF,0xFF,
 209          0xC0,0x00,0x00,0x00,0x00,0x00,0x00,0x00,0x00,0x00,0x00,0x00,0x00,0x00,0x00,0x03,
 210          0xC0,0x00,0x00,0x00,0x00,0x00,0x00,0x00,0x00,0x00,0x00,0x00,0x00,0x00,0x00,0x03,
 211          0xC0,0x00,0x00,0x00,0x00,0x00,0x00,0x00,0x00,0x00,0x00,0x00,0x00,0x00,0x00,0x03,
 212          0xC0,0x00,0x00,0x00,0x00,0x00,0x00,0x00,0x00,0x00,0x00,0x00,0x00,0x00,0x00,0x03,
 213          0xC0,0x00,0x00,0x00,0x00,0x00,0x00,0x00,0x00,0x00,0x00,0x00,0x00,0x00,0x00,0x03,
 214          0xC0,0x00,0x00,0x00,0x00,0x00,0x00,0x00,0x00,0x00,0x00,0x00,0x00,0x00,0x00,0x03,
 215          0xC0,0x1F,0xFF,0x81,0xFF,0xF0,0x00,0x00,0x00,0x00,0x00,0x00,0x00,0x00,0x00,0x03,
 216          0xC0,0x1F,0xFF,0x81,0xFF,0xF0,0x00,0x00,0x00,0x00,0x00,0x00,0x00,0x00,0x00,0x03,
 217          0xC0,0x18,0x01,0x80,0x00,0x00,0x00,0x00,0x00,0x00,0x20,0x08,0x00,0x00,0x00,0x03,
 218          0xC0,0x1F,0xFF,0x80,0x00,0x00,0x04,0x07,0x81,0xE0,0x10,0x10,0x03,0xC0,0x30,0x03,
 219          0xC0,0x1F,0xFF,0x80,0x00,0x00,0x0C,0x0C,0xC3,0x30,0x08,0x20,0x0C,0xE0,0x70,0x03,
 220          0xC0,0x18,0x01,0x87,0xFF,0xFE,0x3C,0x18,0x66,0x18,0x04,0x40,0x0C,0x60,0x70,0x03,
 221          0xC0,0x1F,0xFF,0x87,0xFF,0xFE,0x0C,0x18,0x66,0x18,0x02,0x80,0x18,0x00,0xB0,0x03,
 222          0xC0,0x1F,0xFF,0x80,0x06,0x00,0x0C,0x18,0x66,0x18,0x01,0x00,0x1B,0x81,0x30,0x03,
 223          0xC0,0x01,0x98,0x00,0x06,0x00,0x0C,0x00,0xE3,0x30,0x02,0x80,0x1C,0xC1,0x30,0x03,
 224          0xC0,0x19,0x99,0x80,0x66,0x60,0x0C,0x00,0xC1,0xE0,0x04,0x40,0x18,0x62,0x30,0x03,
 225          0xC0,0x19,0x99,0x80,0x66,0x30,0x0C,0x01,0x83,0x30,0x08,0x20,0x18,0x66,0x30,0x03,
 226          0xC0,0x0D,0x9B,0x00,0xC6,0x38,0x0C,0x03,0x06,0x18,0x10,0x10,0x18,0x67,0xFC,0x03,
 227          0xC0,0x0D,0x9B,0x01,0xC6,0x1C,0x0C,0x06,0x06,0x18,0x20,0x08,0x18,0x60,0x30,0x03,
 228          0xC0,0x01,0x98,0x03,0x86,0x0C,0x0C,0x0C,0x06,0x18,0x00,0x00,0x08,0x60,0x30,0x03,
 229          0xC0,0x7F,0xFF,0xE3,0x06,0x00,0x0C,0x18,0x03,0x30,0x00,0x00,0x0C,0xC0,0x30,0x03,
 230          0xC0,0x7F,0xFF,0xE0,0x1E,0x00,0x0C,0x1F,0xE1,0xE0,0x00,0x00,0x07,0x80,0x30,0x03,
 231          0xC0,0x00,0x00,0x00,0x1C,0x00,0x00,0x00,0x00,0x00,0x00,0x00,0x00,0x00,0x00,0x03,
 232          0xC0,0x00,0x00,0x00,0x00,0x00,0x00,0x00,0x00,0x00,0x00,0x00,0x00,0x00,0x00,0x03,
 233          0xC0,0x00,0x00,0x00,0x00,0x00,0x00,0x00,0x00,0x00,0x00,0x00,0x00,0x00,0x00,0x03,
 234          0xC0,0x00,0x00,0x00,0x00,0x00,0x00,0x00,0x00,0x00,0x00,0x00,0x00,0x00,0x00,0x03,
 235          0xC0,0x00,0x00,0x00,0x00,0x00,0x00,0x00,0x00,0x00,0x00,0x00,0x00,0x00,0x00,0x03,
 236          0xC0,0x00,0x00,0x00,0x00,0x00,0x00,0x00,0x00,0x00,0x00,0x00,0x00,0x00,0x00,0x03,
 237          0xC0,0x00,0x00,0x00,0x00,0x00,0x00,0x00,0x00,0x00,0x00,0x00,0x00,0x00,0x00,0x03,
 238          0xC0,0x00,0x00,0x00,0x00,0x00,0x00,0x00,0x00,0x00,0x00,0x00,0x00,0x00,0x00,0x03,
 239          0xC0,0x00,0x00,0x00,0x00,0x00,0x0C,0x00,0x00,0x18,0x00,0x00,0x00,0x06,0x0C,0x03,
 240          0xC3,0xFF,0xFC,0x3F,0xF0,0x80,0x0C,0x00,0x3F,0x18,0x01,0xFF,0xFE,0x06,0x0C,0x03,
C51 COMPILER V7.06   7920_580B                                                             05/13/2009 12:40:59 PAGE 5   

 241          0xC3,0xFF,0xFC,0x3F,0xF1,0x80,0x0F,0xFC,0x3F,0x18,0x01,0xFF,0xFE,0x06,0x0C,0x03,
 242          0xC3,0x0C,0x0C,0x0C,0xC3,0x00,0x0F,0xFC,0x33,0x7F,0xE1,0x86,0x06,0x06,0x0C,0x03,
 243          0xC3,0x1F,0xCC,0x0C,0xC6,0x00,0x0C,0x00,0x33,0x7F,0xE1,0x8F,0xE6,0x06,0x0C,0x03,
 244          0xC3,0x3F,0xCC,0x0C,0xCC,0x00,0x0C,0x00,0x36,0x30,0x01,0x9F,0xE6,0x07,0xFF,0xE3,
 245          0xC3,0x79,0x8C,0x0C,0xC8,0x00,0xFF,0xF0,0x36,0x36,0x01,0xBC,0xC6,0x07,0xFF,0xE3,
 246          0xC3,0x6F,0x0C,0x7F,0xF0,0xC0,0xFF,0xF0,0x36,0x66,0x01,0xB7,0x86,0x06,0x00,0x03,
 247          0xC3,0x0F,0x0C,0x7F,0xF1,0x80,0xC0,0x30,0x36,0x7F,0xC1,0x87,0x86,0x06,0x00,0x03,
 248          0xC3,0x79,0xEC,0x0C,0xC3,0x00,0xC0,0x30,0x33,0x7F,0xC1,0xBC,0xF6,0x06,0x00,0x03,
 249          0xC3,0x76,0xEC,0x0C,0xC6,0x00,0xC0,0x30,0x33,0x06,0x01,0xBB,0x76,0x07,0xFF,0x03,
 250          0xC3,0x07,0x0C,0x0C,0xCC,0x20,0xFF,0xF0,0x33,0x06,0x01,0x83,0x86,0x07,0xFF,0x03,
 251          0xC3,0x03,0x0C,0x18,0xC8,0x60,0xFF,0xF0,0x3F,0x06,0x01,0x81,0x86,0x06,0x03,0x03,
 252          0xC3,0x1C,0x0C,0x18,0xC0,0xC0,0x00,0x00,0x3E,0xFF,0xE1,0x8E,0x06,0x06,0x03,0x03,
 253          0xC3,0x1F,0x0C,0x18,0xC1,0x81,0xB1,0x8C,0x30,0xFF,0xE1,0x8F,0x86,0x06,0x03,0x03,
 254          0xC3,0x03,0x0C,0x30,0xC7,0x01,0xB1,0x8C,0x30,0x06,0x01,0x81,0x86,0x0C,0x03,0x03,
 255          0xC3,0xFF,0xFC,0x70,0xDE,0x03,0x18,0xC6,0x30,0x06,0x01,0xFF,0xFE,0x0C,0x03,0x03,
 256          0xC3,0xFF,0xFC,0x20,0x18,0x03,0x18,0xC6,0x30,0x06,0x01,0xFF,0xFE,0x18,0x03,0x03,
 257          0xC0,0x00,0x00,0x00,0x00,0x00,0x00,0x00,0x00,0x00,0x00,0x00,0x00,0x00,0x00,0x03,
 258          0xC0,0x00,0x00,0x00,0x00,0x00,0x00,0x00,0x00,0x00,0x00,0x00,0x00,0x00,0x00,0x03,
 259          0xC0,0x00,0x00,0x00,0x00,0x00,0x00,0x00,0x00,0x00,0x00,0x00,0x00,0x00,0x00,0x03,
 260          0xC0,0x00,0x00,0x00,0x00,0x00,0x00,0x00,0x00,0x00,0x00,0x00,0x00,0x00,0x00,0x03,
 261          0xC0,0x00,0x00,0x00,0x00,0x00,0x00,0x00,0x00,0x00,0x00,0x00,0x00,0x00,0x00,0x03,
 262          0xC0,0x00,0x00,0x00,0x00,0x00,0x00,0x00,0x00,0x00,0x00,0x00,0x00,0x00,0x00,0x03,
 263          0xC0,0x00,0x00,0x00,0x00,0x00,0x00,0x00,0x00,0x00,0x00,0x00,0x00,0x00,0x00,0x03,
 264          0xC0,0x00,0x00,0x00,0x00,0x00,0x00,0x00,0x00,0x00,0x00,0x00,0x00,0x00,0x00,0x03,
 265          0xC0,0x00,0x00,0x00,0x00,0x00,0x00,0x00,0x00,0x00,0x00,0x00,0x00,0x00,0x00,0x03,
 266          0xC0,0x00,0x00,0x00,0x00,0x00,0x00,0x00,0x00,0x00,0x00,0x00,0x00,0x00,0x00,0x03,
 267          0xC0,0x00,0x00,0x00,0x00,0x00,0x00,0x00,0x00,0x00,0x00,0x00,0x00,0x00,0x00,0x03,
 268          0xC0,0x00,0x00,0x00,0x00,0x00,0x00,0x00,0x00,0x00,0x00,0x00,0x00,0x00,0x00,0x03,
 269          0xFF,0xFF,0xFF,0xFF,0xFF,0xFF,0xFF,0xFF,0xFF,0xFF,0xFF,0xFF,0xFF,0xFF,0xFF,0xFF,
 270          0xFF,0xFF,0xFF,0xFF,0xFF,0xFF,0xFF,0xFF,0xFF,0xFF,0xFF,0xFF,0xFF,0xFF,0xFF,0xFF,
 271          
 272          };
 273          unsigned char code pic3[]=
 274          {
 275          0xFF,0xFF,0xFF,0xFF,0xFF,0xFF,0xFF,0xFF,0xFF,0xFF,0xFF,0xFF,0xFF,0xFF,0xFF,0xFF,
 276          0xFF,0xFF,0xFF,0xFF,0xFF,0xFF,0xFF,0xFF,0xFF,0xFF,0xFF,0xFF,0xFF,0xFF,0xFF,0xFF,
 277          0xC0,0x00,0x00,0x00,0x00,0x00,0x00,0x00,0x00,0x00,0x00,0x00,0x00,0x00,0x00,0x03,
 278          0xC0,0x00,0x00,0x00,0x00,0x00,0x00,0x00,0x00,0x00,0x00,0x00,0x00,0x00,0x00,0x03,
 279          0xC0,0x00,0x00,0x00,0x00,0x00,0x00,0x00,0x00,0x00,0x00,0x00,0x00,0x00,0x00,0x03,
 280          0xC0,0x00,0x00,0x00,0x00,0x00,0x00,0x00,0x00,0x00,0x00,0x00,0x00,0x00,0x00,0x03,
 281          0xC0,0x00,0x00,0x00,0x00,0x00,0x00,0x00,0x00,0x00,0x00,0x00,0x00,0x00,0x00,0x03,
 282          0xC3,0x02,0x0E,0x1C,0x08,0xF8,0x67,0xE3,0x87,0x0C,0x08,0x38,0x70,0x23,0xE1,0x83,
 283          0xC4,0x8E,0x11,0x22,0x18,0x80,0x90,0x24,0x48,0x92,0x38,0x44,0x88,0x62,0x02,0x43,
 284          0xC8,0x42,0x11,0x22,0x28,0x81,0x00,0x24,0x48,0xA1,0x08,0x44,0x88,0xA2,0x04,0x03,
 285          0xC8,0x42,0x01,0x02,0x28,0xF1,0xE0,0x44,0x48,0xA1,0x08,0x04,0x08,0xA3,0xC7,0x83,
 286          0xC8,0x42,0x02,0x0C,0x48,0x89,0x10,0x43,0x88,0xA1,0x08,0x08,0x31,0x22,0x24,0x43,
 287          0xC8,0x42,0x04,0x02,0x88,0x09,0x10,0x44,0x47,0xA1,0x08,0x10,0x0A,0x20,0x24,0x43,
 288          0xC8,0x42,0x08,0x22,0xFC,0x89,0x10,0x44,0x40,0xA1,0x08,0x20,0x8B,0xF2,0x24,0x43,
 289          0xC4,0x82,0x10,0x22,0x08,0x89,0x10,0x84,0x49,0x12,0x08,0x40,0x88,0x22,0x24,0x43,
 290          0xC3,0x02,0x1F,0x1C,0x08,0x70,0xE0,0x83,0x86,0x0C,0x08,0x7C,0x70,0x21,0xC3,0x83,
 291          0xC0,0x00,0x00,0x00,0x00,0x00,0x00,0x00,0x00,0x00,0x00,0x00,0x00,0x00,0x00,0x03,
 292          0xC0,0x00,0x00,0x00,0x00,0x00,0x00,0x00,0x00,0x00,0x00,0x00,0x00,0x00,0x00,0x03,
 293          0xC0,0x00,0x00,0x00,0x00,0x00,0x00,0x00,0x00,0x00,0x00,0x00,0x00,0x00,0x00,0x03,
 294          0xC0,0x00,0x00,0x00,0x00,0x00,0x00,0x00,0x00,0x00,0x00,0x00,0x00,0x00,0x00,0x03,
 295          0xCF,0xC7,0x0E,0x18,0x10,0x70,0xE0,0x47,0xC3,0x3F,0x1C,0x38,0x60,0x41,0xC3,0x83,
 296          0xC0,0x48,0x91,0x24,0x70,0x89,0x10,0xC4,0x04,0x81,0x22,0x44,0x91,0xC2,0x24,0x43,
 297          0xC0,0x48,0x91,0x42,0x10,0x89,0x11,0x44,0x08,0x01,0x22,0x45,0x08,0x42,0x24,0x43,
 298          0xC0,0x88,0x91,0x42,0x10,0x08,0x11,0x47,0x8F,0x02,0x22,0x45,0x08,0x40,0x20,0x43,
 299          0xC0,0x87,0x11,0x42,0x10,0x10,0x62,0x44,0x48,0x82,0x1C,0x45,0x08,0x40,0x41,0x83,
 300          0xC0,0x88,0x8F,0x42,0x10,0x20,0x14,0x40,0x48,0x82,0x22,0x3D,0x08,0x40,0x80,0x43,
 301          0xC0,0x88,0x81,0x42,0x10,0x41,0x17,0xE4,0x48,0x82,0x22,0x05,0x08,0x41,0x04,0x43,
 302          0xC1,0x08,0x92,0x24,0x10,0x81,0x10,0x44,0x48,0x84,0x22,0x48,0x90,0x42,0x04,0x43,
C51 COMPILER V7.06   7920_580B                                                             05/13/2009 12:40:59 PAGE 6   

 303          0xC1,0x07,0x0C,0x18,0x10,0xF8,0xE0,0x43,0x87,0x04,0x1C,0x30,0x60,0x43,0xE3,0x83,
 304          0xC0,0x00,0x00,0x00,0x00,0x00,0x00,0x00,0x00,0x00,0x00,0x00,0x00,0x00,0x00,0x03,
 305          0xC0,0x00,0x00,0x00,0x00,0x00,0x00,0x00,0x00,0x00,0x00,0x00,0x00,0x00,0x00,0x03,
 306          0xC0,0x00,0x00,0x00,0x00,0x00,0x00,0x00,0x00,0x00,0x00,0x00,0x00,0x00,0x00,0x03,
 307          0xC0,0x00,0x00,0x00,0x00,0x00,0x00,0x00,0x00,0x00,0x00,0x00,0x00,0x00,0x00,0x03,
 308          0xC0,0x8F,0x86,0x7E,0x38,0x70,0xC0,0x83,0x87,0x02,0x3E,0x19,0xF8,0xE1,0xC3,0x03,
 309          0xC1,0x88,0x09,0x02,0x44,0x89,0x23,0x84,0x48,0x86,0x20,0x24,0x09,0x12,0x24,0x83,
 310          0xC2,0x88,0x10,0x02,0x44,0x8A,0x10,0x84,0x48,0x8A,0x20,0x40,0x09,0x12,0x28,0x43,
 311          0xC2,0x8F,0x1E,0x04,0x44,0x8A,0x10,0x80,0x40,0x8A,0x3C,0x78,0x11,0x12,0x28,0x43,
 312          0xC4,0x88,0x91,0x04,0x38,0x8A,0x10,0x80,0x83,0x12,0x22,0x44,0x10,0xE2,0x28,0x43,
 313          0xC8,0x80,0x91,0x04,0x44,0x7A,0x10,0x81,0x00,0xA2,0x02,0x44,0x11,0x11,0xE8,0x43,
 314          0xCF,0xC8,0x91,0x04,0x44,0x0A,0x10,0x82,0x08,0xBF,0x22,0x44,0x11,0x10,0x28,0x43,
 315          0xC0,0x88,0x91,0x08,0x44,0x91,0x20,0x84,0x08,0x82,0x22,0x44,0x21,0x12,0x44,0x83,
 316          0xC0,0x87,0x0E,0x08,0x38,0x60,0xC0,0x87,0xC7,0x02,0x1C,0x38,0x20,0xE1,0x83,0x03,
 317          0xC0,0x00,0x00,0x00,0x00,0x00,0x00,0x00,0x00,0x00,0x00,0x00,0x00,0x00,0x00,0x03,
 318          0xC0,0x00,0x00,0x00,0x00,0x00,0x00,0x00,0x00,0x00,0x00,0x00,0x00,0x00,0x00,0x03,
 319          0xC0,0x00,0x00,0x00,0x00,0x00,0x00,0x00,0x00,0x00,0x00,0x00,0x00,0x00,0x00,0x03,
 320          0xC0,0x00,0x00,0x00,0x00,0x00,0x00,0x00,0x00,0x00,0x00,0x00,0x00,0x00,0x00,0x03,
 321          0xC1,0x07,0x0E,0x04,0x7C,0x33,0xF1,0xC3,0x86,0x04,0x1C,0x38,0x11,0xF0,0xCF,0xC3,
 322          0xC7,0x08,0x91,0x0C,0x40,0x48,0x12,0x24,0x49,0x1C,0x22,0x44,0x31,0x01,0x20,0x43,
 323          0xC1,0x08,0x91,0x14,0x40,0x80,0x12,0x24,0x50,0x84,0x22,0x44,0x51,0x02,0x00,0x43,
 324          0xC1,0x00,0x81,0x14,0x78,0xF0,0x22,0x24,0x50,0x84,0x02,0x04,0x51,0xE3,0xC0,0x83,
 325          0xC1,0x01,0x06,0x24,0x44,0x88,0x21,0xC4,0x50,0x84,0x04,0x18,0x91,0x12,0x20,0x83,
 326          0xC1,0x02,0x01,0x44,0x04,0x88,0x22,0x23,0xD0,0x84,0x08,0x05,0x10,0x12,0x20,0x83,
 327          0xC1,0x04,0x11,0x7E,0x44,0x88,0x22,0x20,0x50,0x84,0x10,0x45,0xF9,0x12,0x20,0x83,
 328          0xC1,0x08,0x11,0x04,0x44,0x88,0x42,0x24,0x89,0x04,0x20,0x44,0x11,0x12,0x21,0x03,
 329          0xC1,0x0F,0x8E,0x04,0x38,0x70,0x41,0xC3,0x06,0x04,0x3E,0x38,0x10,0xE1,0xC1,0x03,
 330          0xC0,0x00,0x00,0x00,0x00,0x00,0x00,0x00,0x00,0x00,0x00,0x00,0x00,0x00,0x00,0x03,
 331          0xC0,0x00,0x00,0x00,0x00,0x00,0x00,0x00,0x00,0x00,0x00,0x00,0x00,0x00,0x00,0x03,
 332          0xC0,0x00,0x00,0x00,0x00,0x00,0x00,0x00,0x00,0x00,0x00,0x00,0x00,0x00,0x00,0x03,
 333          0xC0,0x00,0x00,0x00,0x00,0x00,0x00,0x00,0x00,0x00,0x00,0x00,0x00,0x00,0x00,0x03,
 334          0xC0,0x00,0x00,0x00,0x00,0x00,0x00,0x00,0x00,0x00,0x00,0x00,0x00,0x00,0x00,0x03,
 335          0xC0,0x00,0x00,0x00,0x00,0x00,0x00,0x00,0x00,0x00,0x00,0x00,0x00,0x00,0x00,0x03,
 336          0xC0,0x00,0x00,0x00,0x00,0x00,0x00,0x00,0x00,0x00,0x00,0x00,0x00,0x00,0x00,0x03,
 337          0xFF,0xFF,0xFF,0xFF,0xFF,0xFF,0xFF,0xFF,0xFF,0xFF,0xFF,0xFF,0xFF,0xFF,0xFF,0xFF,
 338          0xFF,0xFF,0xFF,0xFF,0xFF,0xFF,0xFF,0xFF,0xFF,0xFF,0xFF,0xFF,0xFF,0xFF,0xFF,0xFF,
 339          
 340          };


MODULE INFORMATION:   STATIC OVERLAYABLE
   CODE SIZE        =    622    ----
   CONSTANT SIZE    =   2178    ----
   XDATA SIZE       =   ----    ----
   PDATA SIZE       =   ----    ----
   DATA SIZE        =   ----      10
   IDATA SIZE       =   ----    ----
   BIT SIZE         =   ----       1
END OF MODULE INFORMATION.


C51 COMPILATION COMPLETE.  0 WARNING(S),  0 ERROR(S)
