C51 COMPILER V8.02   MAIN                                                                  05/18/2013 13:52:29 PAGE 1   


C51 COMPILER V8.02, COMPILATION OF MODULE MAIN
OBJECT MODULE PLACED IN main.OBJ
COMPILER INVOKED BY: C:\Keil\C51\BIN\C51.EXE main.c BROWSE DEBUG OBJECTEXTEND

line level    source

   1          #include <reg52.h>                
   2          #include "i2c.h"
   3          #include "delay.h"
   4          #include "display.h"
   5          
   6          #define AddWr 0x90   //写数据地址 
   7          #define AddRd 0x91   //读数据地址
   8          
   9          extern bit ack;
  10          unsigned char ReadADC(unsigned char Chl);
  11          bit WriteDAC(unsigned char dat);
  12          /*------------------------------------------------
  13                        主程序
  14          ------------------------------------------------*/
  15          main()
  16          {
  17   1       unsigned char num=0;
  18   1       Init_Timer0();
  19   1      
  20   1      
  21   1      while (1)         //主循环
  22   1        {
  23   2        
  24   2       num=ReadADC(0);
  25   2       TempData[0]=DuanMa[num/100];    
  26   2       TempData[1]=DuanMa[(num%100)/10];
  27   2       TempData[2]=DuanMa[(num%100)%10];
  28   2       
  29   2       WriteDAC(num);
  30   2       DelayMs(100);
  31   2        }
  32   1      }
  33          /*------------------------------------------------
  34                       读AD转值程序
  35          输入参数 Chl 表示需要转换的通道，范围从0-3
  36          返回值范围0-255
  37          ------------------------------------------------*/
  38          unsigned char ReadADC(unsigned char Chl)
  39           {
  40   1         unsigned char Val;
  41   1         Start_I2c();               //启动总线
  42   1         SendByte(AddWr);             //发送器件地址
  43   1           if(ack==0)return(0);
  44   1         SendByte(0x40|Chl);            //发送器件子地址
  45   1           if(ack==0)return(0);
  46   1         Start_I2c();
  47   1         SendByte(AddWr+1);
  48   1            if(ack==0)return(0);
  49   1         Val=RcvByte();
  50   1         NoAck_I2c();                 //发送非应位
  51   1         Stop_I2c();                  //结束总线
  52   1        return(Val);
  53   1       }
  54          /*------------------------------------------------
  55                         写入DA转换数值
C51 COMPILER V8.02   MAIN                                                                  05/18/2013 13:52:29 PAGE 2   

  56          输入参数：dat 表示需要转换的DA数值，范围是0-255
  57          ------------------------------------------------*/
  58          bit WriteDAC(unsigned char dat)
  59          {
  60   1         Start_I2c();               //启动总线
  61   1         SendByte(AddWr);             //发送器件地址
  62   1           if(ack==0)return(0);
  63   1         SendByte(0x40);            //发送器件子地址
  64   1           if(ack==0)return(0);
  65   1         SendByte(dat);             //发送数据
  66   1           if(ack==0)return(0);
  67   1         Stop_I2c();  
  68   1      }


MODULE INFORMATION:   STATIC OVERLAYABLE
   CODE SIZE        =    160    ----
   CONSTANT SIZE    =   ----    ----
   XDATA SIZE       =   ----    ----
   PDATA SIZE       =   ----    ----
   DATA SIZE        =   ----       4
   IDATA SIZE       =   ----    ----
   BIT SIZE         =   ----    ----
END OF MODULE INFORMATION.


C51 COMPILATION COMPLETE.  0 WARNING(S),  0 ERROR(S)
