C51 COMPILER V8.18   DD                                                                    01/04/2010 13:04:22 PAGE 1   


C51 COMPILER V8.18, COMPILATION OF MODULE DD
OBJECT MODULE PLACED IN dd.OBJ
COMPILER INVOKED BY: C:\Keil\C51\BIN\C51.EXE dd.c BROWSE DEBUG OBJECTEXTEND

line level    source

   1          #include <REG52.H>      
   2          #define uint unsigned int       
   3          #define uchar unsigned char
   4          uchar code DIS_SEG7[]={0xc0,0xf9,0xa4,0xb0,0x99,0x92,0x82,0xf8,0x80,0x90,0x88,0x83,0xc6,0xa1,0x86,0x8e};
   5          uchar code DIS_BIT[8]={0xfe,0xfd,0xfb,0xf7,0xef,0xdf,0xbf,0x7f};
   6          /****************************/
   7          void delay(uint k)                      
   8          {                                       
   9   1      uint data i,j;                  
  10   1      for(i=0;i<k;i++)                
  11   1      {for(j=0;j<121;j++)             
  12   2      {;}}                                    
  13   1      }                                       
  14          /***********************************/
  15          void main(void)         
  16          {       
  17   1              uchar cnt;                              
  18   1              while(1)                                
  19   1              {                                       
  20   2                for(cnt=0;cnt<8;cnt++)           
  21   2                {P0=DIS_SEG7[cnt+1];
  22   3                 P2=DIS_BIT[cnt];
  23   3                 delay(1);
  24   3      P2=0xff;
  25   3             P0=0xff;
  26   3      }
  27   2             
  28   2               }                              
  29   1      }                                       
  30          
  31          
  32          
  33          
  34          
  35          
  36          
  37          
  38          
  39          
  40          
  41          
  42          
  43          
  44          
  45          
  46          


MODULE INFORMATION:   STATIC OVERLAYABLE
   CODE SIZE        =     67    ----
   CONSTANT SIZE    =     24    ----
   XDATA SIZE       =   ----    ----
   PDATA SIZE       =   ----    ----
   DATA SIZE        =   ----    ----
   IDATA SIZE       =   ----    ----
C51 COMPILER V8.18   DD                                                                    01/04/2010 13:04:22 PAGE 2   

   BIT SIZE         =   ----    ----
END OF MODULE INFORMATION.


C51 COMPILATION COMPLETE.  0 WARNING(S),  0 ERROR(S)
