C51 COMPILER V7.06   __                                                              05/13/2009 10:30:04 PAGE 1   


C51 COMPILER V7.06, COMPILATION OF MODULE __
OBJECT MODULE PLACED IN .OBJ
COMPILER INVOKED BY: d:\Keil\C51\BIN\C51.EXE .c BROWSE DEBUG OBJECTEXTEND

stmt level    source

   1             
   2          /*-----------------------------------------------
   3            ƣIICЭ EEPROM24c02
   4            ˾ϺӿƼ޹˾
   5            дʦ
   6            ڣ2009.5
   7            ޸ģ
   8            ݣ  ÿο1 洢EEPROMֱ۵Ŀʹô
   9                    P1 LEDΪʾ256ǽλģ⿪ ֱͨؿ
  10          ------------------------------------------------*/
  11           #include<reg52.h>    //ͷļһҪĶͷļ⹦ܼĴĶ
  12           #include <intrins.h> //NOPָ_nop_();
  13          
  14           #define AddWr 0xae   //дݵַҪο24c02оƬĵ
  15           #define AddRd 0xaf   //ݵַ
  16          
  17           
  18           sbit Sda=P1^2;       //Ӷ˿
  19           sbit Scl=P1^1;
  20           sbit WP=P1^0;        //дﲻʹ
  21          
  22          /*------------------------------------------------
  23                              ʱ
  24          ------------------------------------------------*/
  25           void mDelay(unsigned char j)
  26           {
  27   1        unsigned int i;
  28   1        for(;j>0;j--)
  29   1           {
  30   2                for(i=0;i<125;i++)
  31   2                   {;}
  32   2                }
  33   1        }
  34          
  35          /*------------------------------------------------
  36                              IIC
  37          ------------------------------------------------*/
  38            void Start(void)
  39            {
  40   1         Sda=1;
  41   1         _nop_();_nop_();
  42   1         Scl=1;
  43   1         _nop_();_nop_();_nop_();_nop_();_nop_();
  44   1         Sda=0;
  45   1         _nop_();_nop_();_nop_();_nop_();_nop_();
  46   1         Scl=0;
  47   1        }
  48          
  49          
  50          /*------------------------------------------------
  51                              ֹͣIIC
  52          ------------------------------------------------*/
  53            void Stop(void)
  54            {
  55   1         Sda=0;
C51 COMPILER V7.06   __                                                              05/13/2009 10:30:04 PAGE 2   

  56   1         _nop_();
  57   1         Scl=1;
  58   1         _nop_();_nop_();_nop_();_nop_();_nop_();
  59   1         Sda=1;
  60   1         _nop_();_nop_();_nop_();_nop_();_nop_();
  61   1         Scl=0;
  62   1         }
  63          
  64          
  65          /*------------------------------------------------
  66                             ӦIIC
  67          ------------------------------------------------*/
  68             void Ack(void)
  69             {
  70   1          Sda=0;
  71   1              _nop_();_nop_();_nop_();
  72   1              Scl=1;
  73   1              _nop_();_nop_();_nop_();_nop_();_nop_();
  74   1              Scl=0;
  75   1              _nop_();_nop_();
  76   1              }
  77          
  78          
  79          /*------------------------------------------------
  80                           ӦIIC
  81          ------------------------------------------------*/
  82                  void NoAck(void)
  83                  {
  84   1               Sda=1;
  85   1               _nop_();_nop_();_nop_();
  86   1               Scl=1;
  87   1               _nop_();_nop_();_nop_();_nop_();_nop_();
  88   1               Scl=0;
  89   1               _nop_();_nop_();
  90   1               }
  91          
  92          
  93          /*------------------------------------------------
  94                        һֽ
  95          ------------------------------------------------*/
  96                   void Send(unsigned char Data)
  97                   { 
  98   1                unsigned char BitCounter=8;
  99   1                unsigned char temp;
 100   1      
 101   1                do
 102   1                  {
 103   2                       temp=Data;
 104   2                       Scl=0;
 105   2                       _nop_();_nop_();_nop_();_nop_();_nop_();
 106   2                       if((temp&0x80)==0x80)
 107   2                          Sda=1;
 108   2                       else
 109   2                          Sda=0;
 110   2      
 111   2      
 112   2                              Scl=1;
 113   2                              temp=Data<<1;
 114   2                              Data=temp;
 115   2                              BitCounter--;
 116   2                        }
 117   1                while(BitCounter);
C51 COMPILER V7.06   __                                                              05/13/2009 10:30:04 PAGE 3   

 118   1                    Scl=0;
 119   1                }
 120          
 121          
 122          /*------------------------------------------------
 123                         һֽڲ
 124          ------------------------------------------------*/
 125                    unsigned char Read(void)
 126                    {
 127   1                 unsigned char temp=0;
 128   1                 unsigned char temp1=0;
 129   1                 unsigned char BitCounter=8;
 130   1      
 131   1                 Sda=1;
 132   1                 do
 133   1                   {
 134   2                        Scl=0;
 135   2                _nop_();_nop_();_nop_();_nop_();_nop_();
 136   2                        Scl=1;
 137   2                        _nop_();_nop_();_nop_();_nop_();_nop_();
 138   2                        if(Sda)
 139   2                           temp=temp|0x01;
 140   2                        else
 141   2                           temp=temp&0xfe;
 142   2      
 143   2                        if(BitCounter-1)
 144   2                           {
 145   3                                temp1=temp<<1;
 146   3                                temp=temp1;
 147   3                                }
 148   2                                BitCounter--;
 149   2                               }
 150   1                      while(BitCounter);
 151   1                      return(temp);
 152   1                }
 153           
 154          /*------------------------------------------------
 155                              д
 156          ------------------------------------------------*/
 157                    void WrToROM(unsigned char Data[],unsigned char Address,unsigned char Num)
 158                    {
 159   1                 unsigned char i;
 160   1                 unsigned char *PData;
 161   1                 PData=Data;
 162   1                 for(i=0;i<Num;i++)
 163   1                    {
 164   2                         Start();
 165   2                         Send(AddWr);    //доƬַ
 166   2                         Ack();
 167   2                         Send(Address+i);//д洢ַ
 168   2                         Ack();
 169   2                         Send(*(PData+i));//д
 170   2                         Ack();
 171   2                         Stop();
 172   2                         mDelay(20);
 173   2                         }
 174   1                 }
 175          
 176          /*------------------------------------------------
 177                           
 178          ------------------------------------------------*/
 179                    void RdFromROM(unsigned char Data[],unsigned char Address,unsigned char Num)
C51 COMPILER V7.06   __                                                              05/13/2009 10:30:04 PAGE 4   

 180                    {
 181   1                 unsigned char i;
 182   1                 unsigned char *PData;
 183   1                 PData=Data;
 184   1             for(i=0;i<Num;i++)
 185   1                    {
 186   2                         Start();        //доƬַ
 187   2                         Send(AddWr);
 188   2                         Ack();
 189   2                         Send(Address+i);//д洢ַ
 190   2                         Ack();
 191   2                         Start();
 192   2                         Send(AddRd);    //ַ
 193   2                         Ack();
 194   2                         *(PData+i)=Read();//
 195   2                         Scl=0;
 196   2                         NoAck();
 197   2                         Stop();
 198   2                         }
 199   1                }
 200          //ϳEEPROM24C02򲿷֣IICЭScl=0;
 201          /*------------------------------------------------
 202                             
 203          ------------------------------------------------*/
 204          
 205                  void main()
 206                  {
 207   1               unsigned char Number[1];
 208   1               unsigned char i;
 209   1               WP=0;//дص
 210   1               
 211   1               RdFromROM(Number,0,1);//ô洢 ӵַ0ʼдһ
 212   1               Number[0]++;
 213   1               WrToROM(Number,0,1);//д24c02
 214   1           P1 = ~ Number[0];//P1ʾ ʾ LED1
 215   1               
 216   1               
 217   1               while(1)
 218   1                    { 
 219   2                        }
 220   1      
 221   1      }
*** WARNING C280 IN LINE 208 OF .C: 'i': unreferenced local variable
 222          //ûԼѳֲʾҺʾ ֱ۵Ŀ ҲԶint ڼ
             - 
 223          


MODULE INFORMATION:   STATIC OVERLAYABLE
   CODE SIZE        =    360    ----
   CONSTANT SIZE    =   ----    ----
   XDATA SIZE       =   ----    ----
   PDATA SIZE       =   ----    ----
   DATA SIZE        =   ----      19
   IDATA SIZE       =   ----    ----
   BIT SIZE         =   ----    ----
END OF MODULE INFORMATION.


C51 COMPILATION COMPLETE.  1 WARNING(S),  0 ERROR(S)
