C51 COMPILER V7.10   12864A_3                                                              10/21/2008 10:05:20 PAGE 1   


C51 COMPILER V7.10, COMPILATION OF MODULE 12864A_3
OBJECT MODULE PLACED IN 12864A-3.OBJ
COMPILER INVOKED BY: C:\Keil\C51\BIN\C51.EXE 12864A-3.c DEBUG OBJECTEXTEND

line level    source

   1          
   2          
   3          #include <reg51.h>
   4          #include <intrins.h>
   5                  
   6          #define uchar unsigned char
   7          #define uint  unsigned int
   8          /*TS12864A-3 端口定义*/
   9          #define LCD_data  P0             //数据口
  10          sbit LCD_RS  =  P3^5;            //寄存器选择输入 
  11          sbit LCD_RW  =  P3^6;            //液晶读/写控制
  12          sbit LCD_EN  =  P3^4;            //液晶使能控制
  13          //sbit LCD_PSB =  P3^7;            //串/并方式控制
  14          sbit wela    =  P2^6;
  15          sbit dula    =  P2^7;
  16          
  17          uchar code dis1[] = {"WWW.AOKEMCU.CN"};
  18          uchar code dis2[] = {"OK单片机学习板"};
  19          uchar code dis3[] = {"好的选择--------"};
  20          uchar code dis4[] = {"--------好的开始"};
  21          
  22          #define delayNOP(); {_nop_();_nop_();_nop_();_nop_();};
  23          uchar IRDIS[2];
  24          uchar IRCOM[4];
  25          void delay0(uchar x);  //x*0.14MS
  26          void beep();
  27          void  dataconv();
  28          void lcd_pos(uchar X,uchar Y);  //确定显示位置
  29          /*******************************************************************/
  30          /*                                                                 */
  31          /*  延时函数                                                       */
  32          /*                                                                 */
  33          /*******************************************************************/
  34          void delay(int ms)
  35          {
  36   1          while(ms--)
  37   1              {
  38   2            uchar i;
  39   2                for(i=0;i<250;i++)  
  40   2                 {
  41   3                  _nop_();                       
  42   3                      _nop_();
  43   3                      _nop_();
  44   3                      _nop_();
  45   3                 }
  46   2              }
  47   1      }               
  48          /*******************************************************************/
  49          /*                                                                 */
  50          /*检查LCD忙状态                                                    */
  51          /*lcd_busy为1时，忙，等待。lcd-busy为0时,闲，可写指令与数据。      */
  52          /*                                                                 */
  53          /*******************************************************************/
  54          bit lcd_busy()
  55           {                          
C51 COMPILER V7.10   12864A_3                                                              10/21/2008 10:05:20 PAGE 2   

  56   1          bit result;
  57   1          LCD_RS = 0;
  58   1          LCD_RW = 1;
  59   1          LCD_EN = 1;
  60   1          delayNOP();
  61   1          result = (bit)(P0&0x80);
  62   1          LCD_EN = 0;
  63   1          return(result); 
  64   1       }
  65          /*******************************************************************/
  66          /*                                                                 */
  67          /*写指令数据到LCD                                                  */
  68          /*RS=L，RW=L，E=高脉冲，D0-D7=指令码。                             */
  69          /*                                                                 */
  70          /*******************************************************************/
  71          void lcd_wcmd(uchar cmd)
  72          {                          
  73   1         while(lcd_busy());
  74   1          LCD_RS = 0;
  75   1          LCD_RW = 0;
  76   1          LCD_EN = 0;
  77   1          _nop_();
  78   1          _nop_(); 
  79   1          P0 = cmd;
  80   1          delayNOP();
  81   1          LCD_EN = 1;
  82   1          delayNOP();
  83   1          LCD_EN = 0;  
  84   1      }
  85          /*******************************************************************/
  86          /*                                                                 */
  87          /*写显示数据到LCD                                                  */
  88          /*RS=H，RW=L，E=高脉冲，D0-D7=数据。                               */
  89          /*                                                                 */
  90          /*******************************************************************/
  91          void lcd_wdat(uchar dat)
  92          {                          
  93   1         while(lcd_busy());
  94   1          LCD_RS = 1;
  95   1          LCD_RW = 0;
  96   1          LCD_EN = 0;
  97   1          P0 = dat;
  98   1          delayNOP();
  99   1          LCD_EN = 1;
 100   1          delayNOP();
 101   1          LCD_EN = 0; 
 102   1      }
 103          /*******************************************************************/
 104          /*                                                                 */
 105          /*  LCD初始化设定                                                  */
 106          /*                                                                 */
 107          /*******************************************************************/
 108          void lcd_init()
 109          { 
 110   1      
 111   1      //    LCD_PSB = 1;         //并口方式
 112   1          
 113   1          lcd_wcmd(0x34);      //扩充指令操作
 114   1          delay(5);
 115   1          lcd_wcmd(0x30);      //基本指令操作
 116   1          delay(5);
 117   1          lcd_wcmd(0x0C);      //显示开，关光标
C51 COMPILER V7.10   12864A_3                                                              10/21/2008 10:05:20 PAGE 3   

 118   1          delay(5);
 119   1          lcd_wcmd(0x01);      //清除LCD的显示内容
 120   1          delay(5);
 121   1      }
 122          /*********************************************************/
 123          /*                                                                                                               */
 124          /* 主程序                                                                                */
 125          /*                                                       */
 126          /*********************************************************/
 127            main()
 128           {
 129   1          uchar i;
 130   1          delay(10);                 //延时
 131   1          wela=0;
 132   1              dula=0; 
 133   1          lcd_init();                //初始化LCD             
 134   1        
 135   1          lcd_pos(0,0);             //设置显示位置为第一行的第1个字符
 136   1           i = 0;
 137   1          while(dis1[i] != '\0')
 138   1           {                         //显示字符
 139   2             lcd_wdat(dis1[i]);
 140   2             i++;
 141   2           }
 142   1          lcd_pos(1,0);             //设置显示位置为第二行的第1个字符
 143   1           i = 0;
 144   1          while(dis2[i] != '\0')
 145   1           {
 146   2             lcd_wdat(dis2[i]);      //显示字符
 147   2             i++;
 148   2           }
 149   1               lcd_pos(2,0);             //设置显示位置为第三行的第1个字符
 150   1           i = 0;
 151   1          while(dis3[i] != '\0')
 152   1           {
 153   2             lcd_wdat(dis3[i]);      //显示字符
 154   2             i++;
 155   2           }
 156   1               lcd_pos(3,0);             //设置显示位置为第四行的第1个字符
 157   1           i = 0;
 158   1          while(dis4[i] != '\0')
 159   1           {
 160   2             lcd_wdat(dis4[i]);      //显示字符
 161   2             i++;
 162   2           }
 163   1           while(1);
 164   1      }
 165          
 166          
 167          
 168          /*********************************************************/
 169          /*                                                                                                               */
 170          /* 延时x*0.14ms子程序                                                                    */
 171          /*                                                       */
 172          /*********************************************************/
 173          
 174          void delay0(uchar x)    //x*0.14MS
 175          {
 176   1        uchar i;
 177   1        while(x--)
 178   1       {
 179   2        for (i = 0; i<13; i++) {}
C51 COMPILER V7.10   12864A_3                                                              10/21/2008 10:05:20 PAGE 4   

 180   2       }
 181   1      }
 182          /*********************************************************/
 183          /*                                                       */
 184          /* 设定显示位置                                          */
 185          /*                                                       */
 186          /*********************************************************/
 187          void lcd_pos(uchar X,uchar Y)
 188          {                          
 189   1         uchar  pos;
 190   1         if (X==0)
 191   1           {X=0x80;}
 192   1         else if (X==1)
 193   1           {X=0x90;}
 194   1         else if (X==2)
 195   1           {X=0x88;}
 196   1         else if (X==3)
 197   1           {X=0x98;}
 198   1         pos = X+Y ;  
 199   1         lcd_wcmd(pos);     //显示地址
 200   1      }


MODULE INFORMATION:   STATIC OVERLAYABLE
   CODE SIZE        =    300    ----
   CONSTANT SIZE    =     64    ----
   XDATA SIZE       =   ----    ----
   PDATA SIZE       =   ----    ----
   DATA SIZE        =      6       1
   IDATA SIZE       =   ----    ----
   BIT SIZE         =   ----       1
END OF MODULE INFORMATION.


C51 COMPILATION COMPLETE.  0 WARNING(S),  0 ERROR(S)
