C51 COMPILER V7.10   12864A_3                                                              10/13/2008 21:01:22 PAGE 1   


C51 COMPILER V7.10, COMPILATION OF MODULE 12864A_3
OBJECT MODULE PLACED IN 12864A-3.OBJ
COMPILER INVOKED BY: C:\Keil\C51\BIN\C51.EXE 12864A-3.c BROWSE DEBUG OBJECTEXTEND

line level    source

   1          /******************************************************************
   2          /*                                                                *
   3          /* OK300C单片机开发系统演示程序                                   *
   4          /*                                                                *
   5          /* 版本： V2.0 (2008/6/20)                                       *
   6          /* 作者： 高山流水 (Email: aoke999@sohu.com)                      *
   7          /* 网站： www.aokemcu.cn(奥科电子)                                *
   8          /*                                                                *
   9          /*                                                                *
  10          /******************************************************************/
  11          
  12          #include <reg51.h>
  13          #include <intrins.h>
  14                  
  15          #define uchar unsigned char
  16          #define uint  unsigned int
  17          /*TS12864A-3 端口定义*/
  18          #define LCD_data  P0             //数据口
  19          sbit LCD_RS  =  P3^5;            //寄存器选择输入 
  20          sbit LCD_RW  =  P3^6;            //液晶读/写控制
  21          sbit LCD_EN  =  P3^4;            //液晶使能控制
  22          //sbit LCD_PSB =  P2^3;            //串/并方式控制
  23          //sbit LCD_RST =  P2^5;            //液晶复位端口
  24          
  25          sbit  IRIN  = P3^2;                             //红外遥控
  26          sbit  BEEP  = P2^3;                             //蜂鸣器
  27          //sbit  RELAY = P2^1;                       //继电器
  28          
  29          uchar code dis1[] = {"红外遥控码读取器"};
  30          uchar code dis2[] = {" www.aokemcu.cn "};
  31          uchar code dis3[] = {"键值编码：- - H "};
  32          uchar code dis4[] = {"键值反码：- - H "};
  33          
  34          #define delayNOP(); {_nop_();_nop_();_nop_();_nop_();};
  35          uchar IRDIS[2];
  36          uchar IRCOM[4];
  37          void delay0(uchar x);  //x*0.14MS
  38          void beep();
  39          void  dataconv();
  40          void lcd_pos(uchar X,uchar Y);  //确定显示位置
  41          /*******************************************************************/
  42          /*                                                                 */
  43          /*  延时函数                                                       */
  44          /*                                                                 */
  45          /*******************************************************************/
  46          void delay(int ms)
  47          {
  48   1          while(ms--)
  49   1              {
  50   2            uchar i;
  51   2                for(i=0;i<250;i++)  
  52   2                 {
  53   3                  _nop_();                       
  54   3                      _nop_();
  55   3                      _nop_();
C51 COMPILER V7.10   12864A_3                                                              10/13/2008 21:01:22 PAGE 2   

  56   3                      _nop_();
  57   3                 }
  58   2              }
  59   1      }               
  60          /*******************************************************************/
  61          /*                                                                 */
  62          /*检查LCD忙状态                                                    */
  63          /*lcd_busy为1时，忙，等待。lcd-busy为0时,闲，可写指令与数据。      */
  64          /*                                                                 */
  65          /*******************************************************************/
  66          bit lcd_busy()
  67           {                          
  68   1          bit result;
  69   1          LCD_RS = 0;
  70   1          LCD_RW = 1;
  71   1          LCD_EN = 1;
  72   1          delayNOP();
  73   1          result = (bit)(P0&0x80);
  74   1          LCD_EN = 0;
  75   1          return(result); 
  76   1       }
  77          /*******************************************************************/
  78          /*                                                                 */
  79          /*写指令数据到LCD                                                  */
  80          /*RS=L，RW=L，E=高脉冲，D0-D7=指令码。                             */
  81          /*                                                                 */
  82          /*******************************************************************/
  83          void lcd_wcmd(uchar cmd)
  84          {                          
  85   1         while(lcd_busy());
  86   1          LCD_RS = 0;
  87   1          LCD_RW = 0;
  88   1          LCD_EN = 0;
  89   1          _nop_();
  90   1          _nop_(); 
  91   1          P0 = cmd;
  92   1          delayNOP();
  93   1          LCD_EN = 1;
  94   1          delayNOP();
  95   1          LCD_EN = 0;  
  96   1      }
  97          /*******************************************************************/
  98          /*                                                                 */
  99          /*写显示数据到LCD                                                  */
 100          /*RS=H，RW=L，E=高脉冲，D0-D7=数据。                               */
 101          /*                                                                 */
 102          /*******************************************************************/
 103          void lcd_wdat(uchar dat)
 104          {                          
 105   1         while(lcd_busy());
 106   1          LCD_RS = 1;
 107   1          LCD_RW = 0;
 108   1          LCD_EN = 0;
 109   1          P0 = dat;
 110   1          delayNOP();
 111   1          LCD_EN = 1;
 112   1          delayNOP();
 113   1          LCD_EN = 0; 
 114   1      }
 115          /*******************************************************************/
 116          /*                                                                 */
 117          /*  LCD初始化设定                                                  */
C51 COMPILER V7.10   12864A_3                                                              10/13/2008 21:01:22 PAGE 3   

 118          /*                                                                 */
 119          /*******************************************************************/
 120          void lcd_init()
 121          { 
 122   1          
 123   1          lcd_wcmd(0x34);      //扩充指令操作
 124   1          delay(5);
 125   1          lcd_wcmd(0x30);      //基本指令操作
 126   1          delay(5);
 127   1          lcd_wcmd(0x0C);      //显示开，关光标
 128   1          delay(5);
 129   1          lcd_wcmd(0x01);      //清除LCD的显示内容
 130   1          delay(5);
 131   1      }
 132          /*********************************************************/
 133          /*                                                                                                               */
 134          /* 主程序                                                                                */
 135          /*                                                       */
 136          /*********************************************************/
 137            main()
 138           {
 139   1          uchar i;
 140   1          IE = 0x81;                 //允许总中断中断,使能 INT0 外部中断
 141   1          TCON = 0x01;               //触发方式为脉冲负边沿触发
 142   1          IRIN=1;                    //I/O口初始化
 143   1          BEEP=1;
 144   1              P0=0;
 145   1              P2&=0x1F;
 146   1      
 147   1          delay(10);                 //延时
 148   1          lcd_init();                //初始化LCD             
 149   1              
 150   1          lcd_pos(0,0);             //设置显示位置为第一行的第1个字符
 151   1           i = 0;
 152   1          while(dis1[i] != '\0')
 153   1           {                         //显示字符
 154   2             lcd_wdat(dis1[i]);
 155   2             i++;
 156   2           }
 157   1          lcd_pos(1,0);             //设置显示位置为第二行的第1个字符
 158   1           i = 0;
 159   1          while(dis2[i] != '\0')
 160   1           {
 161   2             lcd_wdat(dis2[i]);      //显示字符
 162   2             i++;
 163   2           }
 164   1               lcd_pos(2,0);             //设置显示位置为第三行的第1个字符
 165   1           i = 0;
 166   1          while(dis3[i] != '\0')
 167   1           {
 168   2             lcd_wdat(dis3[i]);      //显示字符
 169   2             i++;
 170   2           }
 171   1               lcd_pos(3,0);             //设置显示位置为第四行的第1个字符
 172   1           i = 0;
 173   1          while(dis4[i] != '\0')
 174   1           {
 175   2             lcd_wdat(dis4[i]);      //显示字符
 176   2             i++;
 177   2           }
 178   1        
 179   1      }
C51 COMPILER V7.10   12864A_3                                                              10/13/2008 21:01:22 PAGE 4   

 180          /*********************************************************/
 181          /*                                                                                                               */
 182          /* INT0外部中断子程序                                                                    */
 183          /*                                                       */
 184          /*********************************************************/
 185          void IR_IN() interrupt 0 using 0   
 186          {
 187   1        uchar j,k,N=0;
 188   1           EX0 = 0;   
 189   1               delay0(15);
 190   1               if (IRIN==1) 
 191   1           { EX0 =1;
 192   2                 return;
 193   2                } 
 194   1                               //确认IR信号出现
 195   1        while (!IRIN)           //等IR变为高电平，跳过9ms的前导低电平信号。
 196   1          {delay0(1);}
 197   1      
 198   1       for (j=0;j<4;j++)         //收集四组数据
 199   1       { 
 200   2        for (k=0;k<8;k++)        //每组数据有8位
 201   2        {
 202   3          while (IRIN);       //等IR变为低电平，跳过4.5ms的前导高电平信号。
 203   3          while (!IRIN);      //等IR变为高电平
 204   3          while (IRIN)        //计算IR高电平时长
 205   3            {
 206   4              delay0(1);
 207   4              N++;           
 208   4             if (N>=30)
 209   4                  { EX0=1;
 210   5                    return;}            //0.14ms计数过长自动离开。
 211   4            }                       //高电平计数完毕                
 212   3           IRCOM[j]=IRCOM[j] >> 1;                  //数据最高位补“0”
 213   3           if (N>=8) {IRCOM[j] = IRCOM[j] | 0x80;}  //数据最高位补“1”
 214   3           N=0;
 215   3         }//end for k
 216   2       }//end for j
 217   1           if (IRCOM[2]!=~IRCOM[3])
 218   1         { EX0=1;
 219   2           return; }
 220   1      
 221   1           IRDIS[0]=IRCOM[2]&0x0F;     //取键码的低四位
 222   1           IRDIS[1]=IRCOM[2]>>4;  //取键码的高四位,右移4次，高四位变为低四位
 223   1               dataconv();
 224   1           lcd_pos(2,5);             
 225   1           lcd_wdat(IRDIS[1]);        //第一位数显示 
 226   1           lcd_pos(2,6);             
 227   1           lcd_wdat(IRDIS[0]);        //第二位数显示
 228   1      
 229   1               IRDIS[0]=IRCOM[3]&0x0F;     //取键码的低四位
 230   1           IRDIS[1]=IRCOM[3]>>4;  //取键码的高四位,右移4次，高四位变为低四位
 231   1           dataconv();
 232   1           lcd_pos(3,5);             
 233   1           lcd_wdat(IRDIS[1]);        //第一位数显示 
 234   1           lcd_pos(3,6);             
 235   1           lcd_wdat(IRDIS[0]);        //第二位数显示
 236   1           beep();
 237   1           EX0 = 1; 
 238   1      }
 239          /*********************************************************/
 240          /*                                                                                                               */
 241          /* 转换为ASCII码                                                                                 */
C51 COMPILER V7.10   12864A_3                                                              10/13/2008 21:01:22 PAGE 5   

 242          /*                                                       */
 243          /*********************************************************/
 244          void  dataconv()         
 245            {
 246   1           uchar  t; 
 247   1               for (t=0;t<2;t++)   
 248   1           if(IRDIS[t]>9)
 249   1            IRDIS[t]=IRDIS[t]+0x37;
 250   1           else
 251   1                IRDIS[t]=IRDIS[t]+0x30;
 252   1        }
 253          /*********************************************************/
 254          /*                                                                                                               */
 255          /* 蜂鸣器响一声子程序                                                                    */
 256          /*                                                       */
 257          /*********************************************************/
 258          void beep()
 259          {
 260   1        uchar i;
 261   1        for (i=0;i<180;i++)
 262   1         {
 263   2           delay0(5);
 264   2           BEEP=!BEEP;                 //BEEP取反
 265   2         } 
 266   1        BEEP=1;                      //关闭蜂鸣器
 267   1      }
 268          /*********************************************************/
 269          /*                                                                                                               */
 270          /* 延时x*0.14ms子程序                                                                    */
 271          /*                                                       */
 272          /*********************************************************/
 273          
 274          void delay0(uchar x)    //x*0.14MS
 275          {
 276   1        uchar i;
 277   1        while(x--)
 278   1       {
 279   2        for (i = 0; i<13; i++) {}
 280   2       }
 281   1      }
 282          /*********************************************************/
 283          /*                                                       */
 284          /* 设定显示位置                                          */
 285          /*                                                       */
 286          /*********************************************************/
 287          void lcd_pos(uchar X,uchar Y)
 288          {                          
 289   1         uchar  pos;
 290   1         if (X==0)
 291   1           {X=0x80;}
 292   1         else if (X==1)
 293   1           {X=0x90;}
 294   1         else if (X==2)
 295   1           {X=0x88;}
 296   1         else if (X==3)
 297   1           {X=0x98;}
 298   1         pos = X+Y ;  
 299   1         lcd_wcmd(pos);     //显示地址
 300   1      }


MODULE INFORMATION:   STATIC OVERLAYABLE
C51 COMPILER V7.10   12864A_3                                                              10/13/2008 21:01:22 PAGE 6   

   CODE SIZE        =    592    ----
   CONSTANT SIZE    =     68    ----
   XDATA SIZE       =   ----    ----
   PDATA SIZE       =   ----    ----
   DATA SIZE        =      6       5
   IDATA SIZE       =   ----    ----
   BIT SIZE         =   ----       1
END OF MODULE INFORMATION.


C51 COMPILATION COMPLETE.  0 WARNING(S),  0 ERROR(S)
