C51 COMPILER V7.50   _╡л_отй_                                                              08/17/2011 16:58:06 PAGE 1   


C51 COMPILER V7.50, COMPILATION OF MODULE _╡л_отй_
OBJECT MODULE PLACED IN ╬╡л╛отй╬.OBJ
COMPILER INVOKED BY: C:\Keil\C51\BIN\C51.EXE ╬╡л╛отй╬.c BROWSE DEBUG OBJECTEXTEND

line level    source

   1          /********************************************************************
   2          * нд╪ЧцШ  :  йЩбК╧эотй╬.c
   3          * цХйЖ    :  ╦цЁлпРн╙йЩбК╧э╬╡л╛отй╬ЁлпР║ё
   4                                   ц©╟╢р╩╢н ╤юа╒╟╢╪Э жп╣д T0ё╛йЩбК╧э╣дж╣╠Ц╩А╪ср╩║ё
   5          * ╢╢╫╗хк  ё╨ ╤╚аВё╛2009дЙ8тб27ху
   6          * ╟Ф╠╬╨е  ё╨ 1.0
   7          ***********************************************************************/
   8          #include<reg52.h>
   9          #define uchar unsigned char
  10          #define uint  unsigned int
  11          
  12          sbit KEY = P3^4;          //╤юа╒╟╢╪Э╣дT0
  13          
  14          /*обр╩ппдЦ©иртйтве╟я code х╔╣Т©╢©╢йтяИ╫А╧Ш║ё х╔╣Т╨С table[] ╩А╠╩╢Ф╣╫ RAM жпё╛рРн╙╣╔ф╛╩З╣д RAM ╠х ROM п║╣д╤
             -Ю*/
  15          /*кЫртё╛╤тсз╡╩╩А╦д╠Д╣дж╣с╕╦цсц code ╩Руъ #define х╔╤╗рЕё╛хцуБп╘╧л╤╗ж╣╢Ф╣╫ ROM жпх╔*/
  16          uchar code table[16] = {0x3f,0x06,0x5b,0x4f,0x66,0x6d,0x7d,0x07,0x7f,0x6f,0x77,0x7c,0x39,0x5e,0x79,0x71};
  17          /*обр╩пп╣дйЩвИ©иртотй╬йЩж╣мБё╛╩╧©иртотй╬йЩбК╧э╣д╣Ц*/
  18          uchar code table_d[16] = {0xbf,0x86,0xdb,0xcf,0xe6,0xed,0xfd,0x87,0xff,0xef,0xf7,0xfc,0xb9,0xde,0xf9,0xf1}
             -;
  19          
  20          /********************************************************************
  21          * цШЁф : Delay()
  22          * ╧╕дэ : ясй╠,ясй╠й╠╪Дн╙ 10ms * del
  23          * йДхК : del
  24          * йДЁЖ : нч
  25          ***********************************************************************/
  26          void Delay(uint del)
  27          {
  28   1              uint i,j;
  29   1              for(i=0; i<del; i++)
  30   1              for(j=0; j<1827; j++)    
  31   1              ;
  32   1      }
  33          
  34          /********************************************************************
  35          * цШЁф : Main()
  36          * ╧╕дэ : жВ╨╞йЩ
  37          * йДхК : нч
  38          * йДЁЖ : нч
  39          ***********************************************************************/
  40          void main()
  41          {
  42   1              uchar i = 0;
  43   1              //P2=0xff;
  44   1              P2=2;
  45   1              while(1)
  46   1              {
  47   2                      P0 = table[i % 16];        //тзуБюОх║ i ╣д╦Жн╩йЩё╛╡╩╢Ь╣Цотй╬
  48   2                      //P0 = table_d[i % 16];      //╢Ь╣Цотй╬
  49   2                      if(KEY == 0)
  50   2                      {
  51   3                              Delay(1);              //хМ╪ЧоШ╤╤ё╛йтяИн╙20ms
  52   3                              if(KEY == 0)
  53   3                              {
C51 COMPILER V7.50   _╡л_отй_                                                              08/17/2011 16:58:06 PAGE 2   

  54   4                                      i++;
  55   4                              }
  56   3                              Delay(50);                         //ясй╠0.5цК╨С╫Ьппобр╩╢н╣д╟╢╪Э╪Л╡Б
  57   3                      }                               
  58   2              }
  59   1      }


MODULE INFORMATION:   STATIC OVERLAYABLE
   CODE SIZE        =     69    ----
   CONSTANT SIZE    =     32    ----
   XDATA SIZE       =   ----    ----
   PDATA SIZE       =   ----    ----
   DATA SIZE        =   ----    ----
   IDATA SIZE       =   ----    ----
   BIT SIZE         =   ----    ----
END OF MODULE INFORMATION.


C51 COMPILATION COMPLETE.  0 WARNING(S),  0 ERROR(S)
