C51 COMPILER V8.02   DISPLAY                                                               05/25/2013 14:36:44 PAGE 1   


C51 COMPILER V8.02, COMPILATION OF MODULE DISPLAY
OBJECT MODULE PLACED IN .\obj\display.obj
COMPILER INVOKED BY: C:\Keil\C51\BIN\C51.EXE display.c BROWSE DEBUG OBJECTEXTEND PRINT(.\obj\display.lst) OBJECT(.\obj\d
                    -isplay.obj)

line level    source

   1          #include"display.h"
   2          #include"delay.h"
   3          
   4          #define DataPort P0 //定义数据端口 
   5          
   6          
   7          unsigned char code DuanMa[10]={0xc0,0xf9,0xa4,0xb0,0x99,0x92,0x82,0xf8,0x80,0x90};// 显示段码值0~9
   8          unsigned char code WeiMa[]={0xfe,0xfd,0xfb,0xf7,0xef,0xdf,0xbf,0x7f};//分别对应相应的数码管点亮,即位码
   9          unsigned char TempData[8]; //存储显示值的全局变量
  10          
  11          
  12          /*------------------------------------------------
  13           显示函数，用于动态扫描数码管
  14           输入参数 FirstBit 表示需要显示的第一位，如赋值2表示从第三个数码管开始显示
  15           如输入0表示从第一个显示。
  16           Num表示需要显示的位数，如需要显示99两位数值则该值输入2
  17          ------------------------------------------------*/
  18          void Display(unsigned char FirstBit,unsigned char Num)
  19          {
  20   1            static unsigned char i=0;
  21   1                
  22   1      
  23   1                 DataPort=0xff;   //清空数据，防止有交替重影
  24   1               
  25   1      
  26   1             P2=WeiMa[i+FirstBit]; //取位码 
  27   1           
  28   1      
  29   1             DataPort=TempData[i]; //取显示数据，段码
  30   1         
  31   1             
  32   1                 i++;
  33   1             if(i==Num)
  34   1                    i=0;
  35   1      
  36   1      
  37   1      }
  38          /*------------------------------------------------
  39                              定时器初始化子程序
  40          ------------------------------------------------*/
  41          void Init_Timer0(void)
  42          {
  43   1       TMOD |= 0x01;    //使用模式1，16位定时器，使用"|"符号可以在使用多个定时器时不受影响                 
  44   1       //TH0=0x00;          //给定初值
  45   1       //TL0=0x00;
  46   1       EA=1;            //总中断打开
  47   1       ET0=1;           //定时器中断打开
  48   1       TR0=1;           //定时器开关打开
  49   1      }
  50          /*------------------------------------------------
  51                           定时器中断子程序
  52          ------------------------------------------------*/
  53          void Timer0_isr(void) interrupt 1 
  54          {
C51 COMPILER V8.02   DISPLAY                                                               05/25/2013 14:36:44 PAGE 2   

  55   1       TH0=(65536-2000)/256;            //重新赋值 2ms
  56   1       TL0=(65536-2000)%256;
  57   1       
  58   1       Display(0,3);
  59   1      
  60   1      }
  61          


MODULE INFORMATION:   STATIC OVERLAYABLE
   CODE SIZE        =     86    ----
   CONSTANT SIZE    =     18    ----
   XDATA SIZE       =   ----    ----
   PDATA SIZE       =   ----    ----
   DATA SIZE        =      9    ----
   IDATA SIZE       =   ----    ----
   BIT SIZE         =   ----    ----
END OF MODULE INFORMATION.


C51 COMPILATION COMPLETE.  0 WARNING(S),  0 ERROR(S)
