C51 COMPILER V7.50   ___                                                              08/17/2011 17:38:10 PAGE 1   


C51 COMPILER V7.50, COMPILATION OF MODULE ___
OBJECT MODULE PLACED IN ̬ʾ.OBJ
COMPILER INVOKED BY: C:\Keil\C51\BIN\C51.EXE ̬ʾ.c BROWSE DEBUG OBJECTEXTEND

line level    source

   1          /********************************************************************
   2          * ļ  :  ʾ.c
   3          *     :  óΪܾ̬ʾ,ͨʵĹܡ
   4                                   P3.2ڣP3.7ɸߵƽ䵽͵ƽ湦ʹܡٰP3.4ڣֵܵͲı䡣
   5                                   ٰP3.2ڣP3.7ڵƽɵͱߣ湦ʧЧֵֻܵı䡣
   6          
   7          *    2009827
   8          * 汾   1.0
   9          ***********************************************************************/
  10          #include<reg52.h>
  11          #define uchar unsigned char
  12          #define uint  unsigned int
  13          
  14          sbit KEY = P3^4;          //T0
  15          sbit KEY_Lock = P3^2; //˸ðʵֽͿ
  16          sbit LOCK = P3^7;     //湦
  17          
  18          
  19          /*һŰ code ȥ ȥ table[] ᱻ浽 RAM УΪƬ RAM  ROM СĶ
             -*/
  20          /*ԣڲıֵӦ code  #define ȥ壬Щ̶ֵ浽 ROM ȥ*/
  21          uchar code table[16] = {0x3f,0x06,0x5b,0x4f,0x66,0x6d,0x7d,0x07,0x7f,0x6f,0x77,0x7c,0x39,0x5e,0x79,0x71};
  22          /*һеʾֵ⣬ʾܵĵ*/
  23          uchar code table_d[16] = {0xbf,0x86,0xdb,0xcf,0xe6,0xed,0xfd,0x87,0xff,0xef,0xf7,0xfc,0xb9,0xde,0xf9,0xf1}
             -;
  24          
  25          /********************************************************************
  26          *  : Delay()
  27          *  : ʱ,ʱʱΪ 10ms * del
  28          *  : del
  29          *  : 
  30          ***********************************************************************/
  31          void Delay(uint del)
  32          {
  33   1              uint i,j;
  34   1              for(i=0; i<del; i++)
  35   1              for(j=0; j<1827; j++)    
  36   1              ;
  37   1      }
  38          
  39          /********************************************************************
  40          *  : Main()
  41          *  : 
  42          *  : 
  43          *  : 
  44          ***********************************************************************/
  45          void main()
  46          {
  47   1              uchar i = 0;
  48   1              LOCK = 1;
  49   1              //P2=0xff;
  50   1              while(1)
  51   1              {
  52   2                      P0 = table[i % 16];        //ȡ i ĸλʾ
  53   2                      //P0 = table_d[i % 16];      //ʾ
C51 COMPILER V7.50   ___                                                              08/17/2011 17:38:10 PAGE 2   

  54   2                      if(KEY == 0)
  55   2                      {
  56   3                              Delay(1);              //Ϊ20ms
  57   3                              if(KEY == 0)
  58   3                              {
  59   4                                      i++;
  60   4                              }
  61   3                              Delay(50);                         //ʱ0.5һεİ
  62   3                      }
  63   2                      if(KEY_Lock == 0)
  64   2                      {
  65   3                              Delay(1);              //Ϊ20ms
  66   3                              if(KEY_Lock == 0)
  67   3                              {
  68   4                                      LOCK = !LOCK;   
  69   4                              }
  70   3                              Delay(50);                         //ʱ0.5һεİ    
  71   3                      }                               
  72   2              }
  73   1      }


MODULE INFORMATION:   STATIC OVERLAYABLE
   CODE SIZE        =     90    ----
   CONSTANT SIZE    =     32    ----
   XDATA SIZE       =   ----    ----
   PDATA SIZE       =   ----    ----
   DATA SIZE        =   ----    ----
   IDATA SIZE       =   ----    ----
   BIT SIZE         =   ----    ----
END OF MODULE INFORMATION.


C51 COMPILATION COMPLETE.  0 WARNING(S),  0 ERROR(S)
