C51 COMPILER V7.50   蜂__发_                                                            08/30/2011 10:00:30 PAGE 1   


C51 COMPILER V7.50, COMPILATION OF MODULE 蜂__发_
OBJECT MODULE PLACED IN 蜂鸣器发声.OBJ
COMPILER INVOKED BY: C:\Keil\C51\BIN\C51.EXE 蜂鸣器发声.c BROWSE DEBUG OBJECTEXTEND

line level    source

   1          /********************************************************************
   2          * 名称 : 蜂鸣器发声.c
   3          * 功能 : 通过P1.2口电平的交替变化，来控制蜂鸣器唱歌
   4          /***********************************************************************/
   5          #include<reg52.h>
   6          #define uchar unsigned char
   7          #define uint  unsigned int        
   8          sbit BELL = P1^2;                       //设置P1.2口，为控制蜂鸣器发声的引脚                                                                      
   9          
  10          /********************************************************************
  11          * 名称 : Delay_1ms()
  12          * 功能 : 延时子程序，延时时间为 1ms * x
  13          * 输入 : x (延时一毫秒的个数)
  14          * 输出 : 无
  15          ***********************************************************************/
  16          void Delay(uint i)
  17          {
  18   1              uchar x,j;
  19   1              for(j=0;j<i;j++)
  20   1              for(x=0;x<=148;x++);    
  21   1      }
  22          
  23          /********************************************************************
  24          * 名称 : Main()
  25          * 功能 : 实现灯的闪烁
  26          * 输入 : 无
  27          * 输出 : 无
  28          ***********************************************************************/
  29          void Main(void)
  30          {
  31   1              uint i;
  32   1              while(1)
  33   1              {
  34   2                      for(i = 0; i < 1000; i++)
  35   2                      {
  36   3                              BELL = 0;
  37   3                              Delay(1);          //延时10毫秒
  38   3                              BELL = 1;
  39   3                              Delay(1);          //延时10毫秒 
  40   3                      }
  41   2                      Delay(1000);
  42   2              }
  43   1      }


MODULE INFORMATION:   STATIC OVERLAYABLE
   CODE SIZE        =     59    ----
   CONSTANT SIZE    =   ----    ----
   XDATA SIZE       =   ----    ----
   PDATA SIZE       =   ----    ----
   DATA SIZE        =   ----    ----
   IDATA SIZE       =   ----    ----
   BIT SIZE         =   ----    ----
END OF MODULE INFORMATION.


C51 COMPILATION COMPLETE.  0 WARNING(S),  0 ERROR(S)
