C51 COMPILER V7.06   _„’Û                                                                  05/15/2008 09:31:07 PAGE 1   


C51 COMPILER V7.06, COMPILATION OF MODULE _„’Û
OBJECT MODULE PLACED IN µ„’Û.OBJ
COMPILER INVOKED BY: C:\Keil\C51\BIN\C51.EXE µ„’Û.c BROWSE DEBUG OBJECTEXTEND

stmt level    source

   1          #include <reg52.h>
   2          ////////////////////////////////////////////////////////
   3          void delay(unsigned int cnt)
   4          {
   5   1       while(--cnt);
   6   1      }
   7          ///////////////////////////////////////////////////////
   8          main()
   9          {
  10   1       P2=0x00;
  11   1       P0=0x55;
  12   1       P2=0xfe;//∏¯≥ı ºªØ÷µ
  13   1       while(1)
  14   1            {
  15   2                 delay(30000);//delay at crystal frequency in 12MHz
  16   2                 P2<<=1;//◊Û“∆“ªŒª
  17   2                 P2|=0x01;//◊Ó∫Û“ªŒª≤π1
  18   2                 
  19   2                 if(P2==0x7f)//ºÏ≤‚ «∑Ò“∆µΩ◊Ó◊Û∂À£ø
  20   2                { 
  21   3                           delay(30000);//delay
  22   3                       P2=0xfe;
  23   3                               P0=~P0;
  24   3                }
  25   2            }
  26   1      }


MODULE INFORMATION:   STATIC OVERLAYABLE
   CODE SIZE        =     55    ----
   CONSTANT SIZE    =   ----    ----
   XDATA SIZE       =   ----    ----
   PDATA SIZE       =   ----    ----
   DATA SIZE        =   ----    ----
   IDATA SIZE       =   ----    ----
   BIT SIZE         =   ----    ----
END OF MODULE INFORMATION.


C51 COMPILATION COMPLETE.  0 WARNING(S),  0 ERROR(S)
