C51 COMPILER V7.06   ___器1                                                               05/13/2009 00:55:10 PAGE 1   


C51 COMPILER V7.06, COMPILATION OF MODULE ___器1
OBJECT MODULE PLACED IN 定时器1.OBJ
COMPILER INVOKED BY: d:\Keil\C51\BIN\C51.EXE 定时器1.c BROWSE DEBUG OBJECTEXTEND

stmt level    source

   1          /*-----------------------------------------------
   2            名称：定时器1
   3            公司：上海浩豚电子科技有限公司
   4            编写：师访
   5            日期：2009.5
   6            修改：无
   7            内容：通过定时让LED灯闪烁
   8          ------------------------------------------------*/
   9          #include<reg52.h> //包含头文件，一般情况不需要改动，头文件包含特殊功能寄存器的定义
  10          
  11          sbit LED=P1^2;    //定义LED端口
  12          
  13          /*------------------------------------------------
  14                              定时器初始化子程序
  15          ------------------------------------------------*/
  16          void Init_Timer1(void)
  17          {
  18   1       TMOD |= 0x10;    //使用模式1，16位定时器，使用"|"符号可以在使用多个定时器时不受影响 
  19   1       TH1=0x00;            //给定初值，这里使用定时器最大值从0开始计数一直到65535溢出
  20   1       TL1=0x00;
  21   1       EA=1;            //总中断打开
  22   1       ET1=1;           //定时器中断打开
  23   1       TR1=1;           //定时器开关打开
  24   1      }
  25          /*------------------------------------------------
  26                              主程序
  27          ------------------------------------------------*/
  28          main()
  29          {
  30   1       Init_Timer1();
  31   1       while(1);
  32   1      }
  33          /*------------------------------------------------
  34                           定时器中断子程序
  35          ------------------------------------------------*/
  36          void Timer1_isr(void) interrupt 3 using 1
  37          {
  38   1       TH1=0x00;               //重新赋值
  39   1       TL1=0x00;
  40   1      
  41   1       LED=~LED;
  42   1      
  43   1      }


MODULE INFORMATION:   STATIC OVERLAYABLE
   CODE SIZE        =     29    ----
   CONSTANT SIZE    =   ----    ----
   XDATA SIZE       =   ----    ----
   PDATA SIZE       =   ----    ----
   DATA SIZE        =   ----    ----
   IDATA SIZE       =   ----    ----
   BIT SIZE         =   ----    ----
END OF MODULE INFORMATION.


C51 COMPILATION COMPLETE.  0 WARNING(S),  0 ERROR(S)
