C51 COMPILER V7.06   __鸣器                                                                05/13/2009 11:35:46 PAGE 1   


C51 COMPILER V7.06, COMPILATION OF MODULE __鸣器
OBJECT MODULE PLACED IN 蜂鸣器.OBJ
COMPILER INVOKED BY: d:\Keil\C51\BIN\C51.EXE 蜂鸣器.c BROWSE DEBUG OBJECTEXTEND

stmt level    source

   1             
   2          /*-----------------------------------------------
   3            名称：喇叭
   4            公司：上海浩豚电子科技有限公司
   5            编写：师访
   6            日期：2009.5
   7            修改：无
   8            内容：一般现象可以看到P1口LED闪烁，需要将该口通过杜邦线连接到喇叭信号输入端子，可以参考电路图或者说明书
   9          ------------------------------------------------*/
  10          #include<reg52.h> //包含头文件，一般情况不需要改动，头文件包含特殊功能寄存器的定义
  11          
  12          sbit SPK=P1^2;    //定义喇叭端口
  13          /******************************************************************/
  14          /*                    延时函数声明                                */
  15          /******************************************************************/
  16          void delay(unsigned int cnt)
  17          {
  18   1       while(--cnt);
  19   1      }
  20          /******************************************************************/
  21          /*                   主函数                                       */
  22          /******************************************************************/
  23          main()
  24          {
  25   1      unsigned int i;
  26   1       while(1)
  27   1            {
  28   2                 for(i=0;i<200;i++)//喇叭发声的时间循环，改变大小可以改变发声时间长短
  29   2                {
  30   3                delay(80);     //参数决定发声的频率，估算值，可以自行更改参数并
  31   3                SPK=!SPK;
  32   3                }
  33   2             SPK=1;            //喇叭停止工作，间歇的时间，可更改
  34   2             delay(20000);
  35   2                
  36   2                }
  37   1      }


MODULE INFORMATION:   STATIC OVERLAYABLE
   CODE SIZE        =     44    ----
   CONSTANT SIZE    =   ----    ----
   XDATA SIZE       =   ----    ----
   PDATA SIZE       =   ----    ----
   DATA SIZE        =   ----    ----
   IDATA SIZE       =   ----    ----
   BIT SIZE         =   ----    ----
END OF MODULE INFORMATION.


C51 COMPILATION COMPLETE.  0 WARNING(S),  0 ERROR(S)
