C51 COMPILER V7.50   7920_580B                                                             11/10/2010 11:24:28 PAGE 1   


C51 COMPILER V7.50, COMPILATION OF MODULE 7920_580B
OBJECT MODULE PLACED IN 7920_580b.OBJ
COMPILER INVOKED BY: E:\Program Files\KEIL\C51\BIN\C51.EXE 7920_580b.c BROWSE DEBUG OBJECTEXTEND

line level    source

   1          /********************************************************************
   2          * 文件名  ： 12864液晶显示
   3          * 描述    :  
   4          * 创建人  ： 东流，2009年4月8日
   5          * 版本号  ： 2.0
   6          ***********************************************************************/
   7          #include <reg52.h>
   8          #include <string.h>
   9          
  10          #define uchar unsigned char
  11          #define uint  unsigned int
  12          
  13          uchar code IC_DAT[];
  14          uchar code pic1[];
  15          uchar code pic2[];
  16          uchar code pic3[]; 
  17          
  18          sbit RS  = P2^5;
  19          sbit WRD = P2^6;
  20          sbit E   = P2^7;
  21          sbit PSB = P2^2;
  22          sbit RES = P2^4;
  23          
  24          void TransferData(char data1,bit DI);
  25          void display(void);
  26          void display_grapic(void);
  27          void delayms(uint n);
  28          void DisplayLine(uchar line1,uchar line2);
  29          void DisplayGraphic(uchar code *adder);
  30          void delay(uint m);
  31          void lcd_mesg(uchar code *adder1);
  32          
  33          uchar code IC_DAT[]={
  34          "     HOT-51     "  
  35          "                "
  36          "  单片机开发板  "
  37          "    东流电子    "
  38          };
  39          
  40          uchar code IC_DAT2[]={
  41          "  白日依山尽，  "                      //0x80
  42          "  欲穷千里目，  "                      //0x90
  43          "  黄河入海流。  "                      //0x88
  44          "  更上一层楼。  "                      //0x98
  45          };
  46          
  47          
  48          
  49          void initinal(void)           //LCD字库初始化程序
  50          {
  51   1                 delay(40);             //大于40MS的延时程序
  52   1                 PSB=1;                 //设置为8BIT并口工作模式
  53   1                 delay(1);              //延时
  54   1                 RES=0;                 //复位
  55   1                 delay(1);              //延时
C51 COMPILER V7.50   7920_580B                                                             11/10/2010 11:24:28 PAGE 2   

  56   1                 RES=1;                 //复位置高
  57   1                 delay(10);
  58   1                 TransferData(0x30,0);  //Extended Function Set :8BIT设置,RE=0: basic instruction set, G=0 :grap
             -hic display OFF
  59   1                 delay(100);            //大于100uS的延时程序
  60   1                 TransferData(0x30,0);  //Function Set
  61   1                 delay(37);             ////大于37uS的延时程序
  62   1                 TransferData(0x08,0);  //Display on Control
  63   1                 delay(100);            //大于100uS的延时程序
  64   1                 TransferData(0x10,0);  //Cursor Display Control光标设置
  65   1                 delay(100);            //大于100uS的延时程序
  66   1                 TransferData(0x0C,0);  //Display Control,D=1,显示开
  67   1                 delay(100);            //大于100uS的延时程序
  68   1                 TransferData(0x01,0);  //Display Clear
  69   1                 delay(10);             //大于10mS的延时程序
  70   1                 TransferData(0x06,0);  //Enry Mode Set,光标从右向左加1位移动
  71   1                 delay(100);            //大于100uS的延时程序
  72   1                }
  73          
  74          /********************************************************************
  75          * 名称 : Main()
  76          * 功能 : 主函数
  77          * 输入 : 无
  78          * 输出 : 无
  79          ***********************************************************************/
  80          void     initina2(void)           //LCD显示图片(扩展)初始化程序
  81                    {
  82   1                 delay(40);             //大于40MS的延时程序
  83   1                 PSB=1;                 //设置为8BIT并口工作模式
  84   1                 delay(1);              //延时
  85   1                 RES=0;                 //复位
  86   1                 delay(1);              //延时
  87   1                 RES=1;                 //复位置高
  88   1                 delay(10);
  89   1      
  90   1                 TransferData(0x36,0);  //Extended Function Set RE=1: extended instruction
  91   1                 delay(100);            //大于100uS的延时程序
  92   1                 TransferData(0x36,0);  //Extended Function Set:RE=1: extended instruction set
  93   1                 delay(37);             ////大于37uS的延时程序
  94   1                 TransferData(0x3E,0);  //EXFUNCTION(DL=8BITS,RE=1,G=1)
  95   1                 delay(100);            //大于100uS的延时程序
  96   1                 TransferData(0x01,0);  //CLEAR SCREEN
  97   1                 delay(100);            //大于100uS的延时程序
  98   1                }
  99          
 100          /********************************************************************
 101          * 名称 : Main()
 102          * 功能 : 主函数
 103          * 输入 : 无
 104          * 输出 : 无
 105          ***********************************************************************/
 106          void    main(void)
 107               {
 108   1               while(1)
 109   1                  {
 110   2                        initina2();            //调用LCD显示图片(扩展)初始化程序
 111   2        
 112   2                DisplayGraphic(pic2);  //显示图片2
 113   2                delayms(200);                   
 114   2      
 115   2                initinal();                    //调用LCD字库初始化程序
 116   2                delay(100);            //大于100uS的延时程序
C51 COMPILER V7.50   7920_580B                                                             11/10/2010 11:24:28 PAGE 3   

 117   2                lcd_mesg(IC_DAT);      //显示中文汉字1
 118   2                delayms(240);
 119   2                delayms(240);
 120   2                
 121   2                initinal();                    //调用LCD字库初始化程序
 122   2                delay(100);            //大于100uS的延时程序 
 123   2                lcd_mesg(IC_DAT2);     //显示中文汉字2
 124   2                delayms(240);
 125   2                        delayms(240);
 126   2                        initinal();  
 127   2              }
 128   1            }
 129          
 130          /********************************************************************
 131          * 名称 : Main()
 132          * 功能 : 主函数
 133          * 输入 : 无
 134          * 输出 : 无
 135          ***********************************************************************/
 136          void   lcd_mesg(unsigned char code *adder1)
 137          {
 138   1              unsigned char i;
 139   1              TransferData(0x80,0);  //Set Graphic Display RAM Address
 140   1              delay(100);
 141   1              for(i=0;i<32;i++)
 142   1                      {
 143   2                              TransferData(*adder1,1);
 144   2                              adder1++;
 145   2                      }
 146   1      
 147   1              TransferData(0x90,0);  //Set Graphic Display RAM Address
 148   1              delay(100);
 149   1              for(i=32;i<64;i++)
 150   1                      {
 151   2                              TransferData(*adder1,1);
 152   2                              adder1++;
 153   2                      }
 154   1      }
 155          
 156          /********************************************************************
 157          * 名称 : Main()
 158          * 功能 : 主函数
 159          * 输入 : 无
 160          * 输出 : 无
 161          ***********************************************************************/
 162          void    TransferData(char data1,bit DI)  //传送数据或者命令,当DI=0是,传送命令,当DI=1,传送数据.
 163                    {
 164   1                  WRD=0;
 165   1                  RS=DI;
 166   1                  delay(1);
 167   1                  P0=data1;
 168   1                  E=1;
 169   1                  delay(1);
 170   1                  E=0;
 171   1                 }
 172          
 173          /********************************************************************
 174          * 名称 : Main()
 175          * 功能 : 主函数
 176          * 输入 : 无
 177          * 输出 : 无
 178          ***********************************************************************/
C51 COMPILER V7.50   7920_580B                                                             11/10/2010 11:24:28 PAGE 4   

 179          void    delayms(unsigned int n)            //延时10×n毫秒程序
 180                             {
 181   1                            unsigned int i,j;
 182   1                            for(i=0;i<n;i++)
 183   1                               for(j=0;j<2000;j++);
 184   1                         }
 185          
 186          /********************************************************************
 187          * 名称 : Main()
 188          * 功能 : 主函数
 189          * 输入 : 无
 190          * 输出 : 无
 191          ***********************************************************************/
 192          void    delay(unsigned int m)            //延时程序
 193                             {
 194   1                            unsigned int i,j;
 195   1                            for(i=0;i<m;i++)
 196   1                               for(j=0;j<10;j++);
 197   1                         }
 198          
 199          /********************************************************************
 200          * 名称 : Main()
 201          * 功能 : 主函数
 202          * 输入 : 无
 203          * 输出 : 无
 204          ***********************************************************************/
 205          void DisplayGraphic(unsigned char code *adder)
 206          {
 207   1      
 208   1         int i,j;
 209   1      //*******显示上半屏内容设置
 210   1         for(i=0;i<32;i++)              //
 211   1          { 
 212   2            TransferData((0x80 + i),0); //SET  垂直地址 VERTICAL ADD
 213   2            TransferData(0x80,0);       //SET  水平地址 HORIZONTAL ADD
 214   2            for(j=0;j<16;j++)
 215   2             {
 216   3               TransferData(*adder,1);
 217   3               adder++;
 218   3             }
 219   2          }      
 220   1      //*******显示下半屏内容设置
 221   1         for(i=0;i<32;i++)              //
 222   1          {
 223   2            TransferData((0x80 + i),0); //SET 垂直地址 VERTICAL ADD
 224   2            TransferData(0x88,0);       //SET 水平地址 HORIZONTAL ADD
 225   2            for(j=0;j<16;j++)
 226   2             {
 227   3               TransferData(*adder,1);
 228   3               adder++;
 229   3             }
 230   2          }
 231   1      }
 232          
 233          
 234          
 235          unsigned char code pic2[]=
 236          {
 237          0x00,0x00,0x00,0x00,0x00,0x00,0x00,0x0F,0x78,0x00,0x00,0x00,0x00,0x00,0x00,0x00,
 238          0x00,0x00,0x00,0x00,0x00,0x00,0x00,0x3C,0x1E,0x00,0x00,0x00,0x00,0x00,0x00,0x00,
 239          0x00,0x00,0x00,0x00,0x00,0x00,0x00,0xF0,0x07,0x80,0x00,0x00,0x00,0x00,0x00,0x00,
 240          0x00,0x00,0x00,0x00,0x00,0x00,0x03,0xC0,0x01,0xE0,0x00,0x00,0x00,0x00,0x00,0x00,
C51 COMPILER V7.50   7920_580B                                                             11/10/2010 11:24:28 PAGE 5   

 241          0x00,0x00,0x00,0x00,0x00,0x00,0x0F,0x00,0x00,0x78,0x00,0x00,0x00,0x00,0x00,0x00,
 242          0x00,0x00,0x00,0x00,0x00,0x00,0x3C,0x00,0x00,0x1E,0x00,0x00,0x00,0x00,0x00,0x00,
 243          0x00,0x00,0x00,0x00,0x00,0x00,0xF0,0x00,0x00,0x07,0x80,0x00,0x00,0x00,0x00,0x00,
 244          0x00,0x00,0x00,0x00,0x00,0x03,0xC0,0x00,0x00,0x01,0xC0,0x00,0x00,0x00,0x00,0x00,
 245          0x00,0x00,0x00,0x00,0x00,0x0F,0x00,0x00,0x00,0x00,0x70,0x00,0x00,0x00,0x00,0x00,
 246          0x00,0x00,0x00,0x00,0x00,0x3C,0x00,0x00,0x00,0x00,0x1C,0x00,0x00,0x00,0x00,0x00,
 247          0x00,0x00,0x00,0x00,0x00,0xF0,0x00,0x00,0x00,0x00,0x1E,0x00,0x00,0x00,0x00,0x00,
 248          0x00,0x00,0x00,0x00,0x03,0xC0,0x00,0x00,0x00,0x00,0x7E,0x00,0x00,0x00,0x00,0x00,
 249          0x00,0x00,0x00,0x00,0x0F,0x00,0x00,0x00,0x00,0x01,0xE6,0x00,0x00,0x00,0x00,0x00,
 250          0x00,0x00,0x00,0x00,0x3C,0x00,0x00,0x00,0x00,0x07,0x82,0x00,0x00,0x00,0x00,0x00,
 251          0x00,0x00,0x00,0x00,0xF0,0x00,0x00,0x00,0x00,0x1E,0x02,0x00,0x00,0x00,0x00,0x00,
 252          0x00,0x00,0x00,0x01,0xE0,0x00,0x00,0x00,0x00,0x78,0x03,0x00,0x00,0x00,0x00,0x00,
 253          0x00,0x00,0x00,0x01,0xE0,0x00,0x00,0x00,0x01,0xE0,0x03,0x00,0x00,0x00,0x00,0x00,
 254          0x00,0x00,0x00,0x01,0x78,0x00,0x00,0x00,0x07,0x80,0x01,0x00,0x00,0x00,0x00,0x00,
 255          0x00,0x00,0x00,0x03,0x1E,0x00,0x00,0x00,0x1E,0x00,0x07,0x00,0x00,0x00,0x00,0x00,
 256          0x00,0x00,0x00,0x03,0x07,0x80,0x00,0x00,0x78,0x00,0x1F,0x00,0x00,0x00,0x00,0x00,
 257          0x00,0x00,0x00,0x02,0x01,0xE0,0x00,0x01,0xE0,0x00,0x3F,0x00,0x00,0x00,0x00,0x00,
 258          0x00,0x00,0x00,0x06,0x00,0x78,0x1F,0x07,0x80,0x01,0xF1,0x80,0x00,0x00,0x00,0x00,
 259          0x00,0x00,0x00,0x0E,0x00,0x1E,0x3F,0x9E,0x00,0x03,0xF9,0x80,0x00,0x00,0x00,0x00,
 260          0x00,0x00,0x00,0x0E,0x00,0x07,0xB3,0x78,0x00,0x0F,0xF9,0x80,0x00,0x00,0x00,0x00,
 261          0x00,0x00,0x00,0x0F,0x80,0x01,0xFF,0xE0,0x00,0x79,0x98,0x80,0x00,0x00,0x00,0x00,
 262          0x00,0x00,0x00,0x0F,0xE0,0x00,0x7F,0x80,0x00,0xE0,0xD8,0x80,0x00,0x00,0x00,0x00,
 263          0x00,0x00,0x00,0x0F,0xF8,0x00,0x0C,0x00,0x07,0xE0,0xF8,0x80,0x00,0x00,0x00,0x00,
 264          0x00,0x00,0x00,0x0E,0x7E,0x00,0x0C,0x00,0x1F,0xF0,0xF8,0x80,0x00,0x00,0x00,0x00,
 265          0x00,0x00,0x00,0x0E,0x1F,0x80,0x0C,0x00,0x7E,0x70,0xDC,0x80,0x00,0x00,0x00,0x00,
 266          0x00,0x00,0x00,0x0F,0x07,0xE0,0x0C,0x01,0xE3,0x70,0x5C,0xC0,0x00,0x00,0x00,0x00,
 267          0x00,0x00,0x00,0x0F,0x81,0xF8,0x0C,0x07,0x83,0x70,0x5F,0xC0,0x00,0x00,0x00,0x00,
 268          0x00,0x00,0x00,0x0D,0xE0,0x7E,0x0C,0x1F,0xC1,0xF0,0x5F,0xC0,0x00,0x00,0x00,0x00,
 269          0x00,0x00,0x00,0x0F,0x78,0x3F,0x8C,0x7F,0xC1,0xB8,0x47,0xC0,0x00,0x00,0x00,0x00,
 270          0x00,0x00,0x00,0x0F,0x1E,0x0F,0xED,0xEC,0xE1,0xB8,0xC7,0xC0,0x00,0x00,0x00,0x00,
 271          0x00,0x00,0x00,0x1F,0x07,0x83,0xFF,0xC6,0xE1,0xB9,0xC7,0xC0,0x00,0x00,0x00,0x00,
 272          0x00,0x00,0x00,0x1F,0x07,0xE0,0xFF,0xE7,0xE1,0xBF,0x07,0xC0,0x00,0x00,0x00,0x00,
 273          0x00,0x00,0x00,0x1F,0x07,0xF8,0x3F,0xE7,0xE1,0xBF,0x07,0xC0,0x00,0x00,0x00,0x00,
 274          0x00,0x00,0x00,0x1F,0x07,0x9E,0x0C,0xE6,0xE1,0x8F,0x07,0xC0,0x00,0x00,0x00,0x00,
 275          0x00,0x00,0x00,0x1F,0x07,0x87,0x8C,0xE6,0xE3,0x8F,0x83,0xC0,0x00,0x00,0x00,0x00,
 276          0x00,0x00,0x00,0x1F,0x0F,0x81,0xED,0xE6,0xE7,0x0F,0x83,0xC0,0x00,0x00,0x00,0x00,
 277          0x00,0x00,0x00,0x1F,0x07,0x00,0x7F,0xE6,0xFE,0x0F,0x83,0x40,0x00,0x00,0x00,0x00,
 278          0x00,0x00,0x00,0x1F,0x00,0x00,0x1E,0x76,0xFE,0x0F,0x83,0x40,0x00,0x00,0x00,0x00,
 279          0x00,0x00,0x00,0x1E,0x00,0x00,0x00,0x72,0x1E,0x0F,0x83,0x40,0x00,0x00,0x00,0x00,
 280          0x00,0x00,0x00,0x1E,0x00,0x00,0x00,0x7E,0x1A,0x0F,0x83,0x40,0x00,0x00,0x00,0x00,
 281          0x00,0x00,0x00,0x1E,0x00,0x00,0x00,0x7C,0x1A,0x0F,0x83,0xC0,0x00,0x00,0x00,0x00,
 282          0x00,0x00,0x00,0x0C,0x00,0x00,0x00,0x78,0x1A,0x0F,0x83,0xC0,0x00,0x00,0x00,0x00,
 283          0x00,0x00,0x00,0x00,0x00,0x00,0x00,0x78,0x1A,0x07,0x83,0xC0,0x00,0x00,0x00,0x00,
 284          0x00,0x00,0x00,0x00,0x00,0x00,0x00,0x7C,0x1E,0x07,0x80,0x00,0x00,0x00,0x00,0x00,
 285          0x00,0x00,0x00,0x00,0x00,0x00,0x00,0x7C,0x1F,0x07,0x80,0x00,0x00,0x00,0x00,0x00,
 286          0x00,0x00,0x00,0x00,0x00,0x00,0x00,0x7C,0x1F,0x07,0x80,0x00,0x00,0x00,0x00,0x00,
 287          0x00,0x00,0x00,0x00,0x00,0x00,0x00,0x7C,0x1F,0x07,0x80,0x00,0x00,0x00,0x00,0x00,
 288          0x00,0x00,0x00,0x00,0x00,0x00,0x00,0x7C,0x1F,0x07,0x00,0x00,0x00,0x00,0x00,0x00,
 289          0x00,0x00,0x00,0x00,0x00,0x00,0x00,0x7C,0x1F,0x00,0x00,0x00,0x00,0x08,0x00,0x00,
 290          0x00,0x00,0x00,0x00,0x00,0x00,0x00,0x7C,0x1F,0x00,0x00,0x00,0x00,0x10,0x00,0x40,
 291          0x00,0x00,0x00,0x00,0x00,0x00,0x00,0x3C,0x1F,0x00,0x00,0x00,0x00,0xFF,0x08,0x20,
 292          0x00,0x00,0x00,0x00,0x00,0x00,0x00,0x3C,0x1F,0x00,0x00,0x00,0x00,0x28,0x05,0xFC,
 293          0x00,0x00,0x00,0x00,0x00,0x00,0x00,0x34,0x0C,0x00,0x00,0x00,0x00,0x48,0x00,0x40,
 294          0x00,0x00,0x00,0x00,0x00,0x00,0x00,0x34,0x00,0x00,0x00,0x00,0x00,0xFF,0x08,0x88,
 295          0x00,0x00,0x00,0x00,0x00,0x00,0x00,0x34,0x00,0x00,0x00,0x00,0x00,0x08,0x05,0xFC,
 296          0x00,0x00,0x00,0x00,0x00,0x00,0x00,0x3C,0x00,0x00,0x00,0x00,0x00,0x4A,0x00,0xA8,
 297          0x00,0x00,0x00,0x00,0x00,0x00,0x00,0x3C,0x00,0x00,0x00,0x00,0x00,0x89,0x04,0xA8,
 298          0x00,0x00,0x00,0x00,0x00,0x00,0x00,0x10,0x00,0x00,0x00,0x00,0x01,0x08,0x88,0xA8,
 299          0x00,0x00,0x00,0x00,0x00,0x00,0x00,0x00,0x00,0x00,0x00,0x00,0x00,0x38,0x10,0xAA,
 300          0x00,0x00,0x00,0x00,0x00,0x00,0x00,0x00,0x00,0x00,0x00,0x00,0x00,0x08,0x01,0x2E,
 301          
 302          };
C51 COMPILER V7.50   7920_580B                                                             11/10/2010 11:24:28 PAGE 6   



MODULE INFORMATION:   STATIC OVERLAYABLE
   CODE SIZE        =    611    ----
   CONSTANT SIZE    =   1154    ----
   XDATA SIZE       =   ----    ----
   PDATA SIZE       =   ----    ----
   DATA SIZE        =   ----      10
   IDATA SIZE       =   ----    ----
   BIT SIZE         =   ----       1
END OF MODULE INFORMATION.


C51 COMPILATION COMPLETE.  0 WARNING(S),  0 ERROR(S)
