C51 COMPILER V8.18   EX71                                                                  01/04/2010 13:06:49 PAGE 1   


C51 COMPILER V8.18, COMPILATION OF MODULE EX71
OBJECT MODULE PLACED IN ex71.OBJ
COMPILER INVOKED BY: C:\Keil\C51\BIN\C51.EXE ex71.c BROWSE DEBUG OBJECTEXTEND

line level    source

   1          //CPU控制的独立式键盘扫描实验
   2          #include<reg52.h>    //包含51单片机寄存器定义的头文件
   3          sbit S1=P1^4;        //将S1位定义为P1.4引脚
   4          sbit S2=P1^5;        //将S2位定义为P1.5引脚
   5          sbit S3=P1^6;        //将S3位定义为P1.6引脚
   6          sbit S4=P1^7;        //将S4位定义为P1.7引脚
   7          unsigned char keyval;  //储存按键值
   8          /*************************************************
   9          函数功能：流水灯延时
  10          **************************************************/
  11          void led_delay(void)
  12          {
  13   1         unsigned char i,j;
  14   1              for(i=0;i<250;i++)
  15   1                for(j=0;j<250;j++)
  16   1                  ;
  17   1      }
  18          
  19          /*************************************************
  20          函数功能：软件消抖延时
  21          **************************************************/
  22          void delay30ms(void)
  23          {
  24   1         unsigned char i,j;
  25   1              for(i=0;i<100;i++)
  26   1                for(j=0;j<100;j++)
  27   1                  ;
  28   1      }
  29          /*************************************************
  30          函数功能：正向流水点亮LED
  31          **************************************************/
  32          void forward(void)
  33           {
  34   1              P0=0xfe;         //第一个灯亮
  35   1                              led_delay();
  36   1                               P0=0xfd;         //第二个灯亮
  37   1                              led_delay();
  38   1                               P0=0xfb;          //第三个灯亮
  39   1                              led_delay();
  40   1                               P0=0xf7;          //第四个灯亮
  41   1                              led_delay();
  42   1                              P0=0xef;          //第五个灯亮
  43   1                      led_delay();
  44   1                              P0=0xdf;          //第六个灯亮
  45   1                         led_delay();
  46   1                              P0=0xbf;          //第七个灯亮
  47   1                      led_delay();
  48   1                              P0=0x7f;          //第八个灯亮
  49   1                      led_delay();  
  50   1                              P0=0xff;
  51   1                              P0=0xfe;         //第一个灯亮
  52   1                              led_delay();
  53   1      }
  54          /*************************************************
  55          函数功能：反向流水点亮LED
C51 COMPILER V8.18   EX71                                                                  01/04/2010 13:06:49 PAGE 2   

  56          **************************************************/
  57            void backward(void)
  58            {
  59   1              P0=0x7f;          //第八个灯亮
  60   1                      led_delay();  
  61   1                              P0=0xbf;          //第七个灯亮
  62   1                      led_delay();
  63   1                              P0=0xdf;          //第六个灯亮
  64   1                         led_delay();
  65   1                              P0=0xef;          //第五个灯亮
  66   1                      led_delay();
  67   1                               P0=0xf7;          //第四个灯亮
  68   1                              led_delay();
  69   1                              P0=0xfb;          //第三个灯亮
  70   1                              led_delay();
  71   1                         P0=0xfd;         //第二个灯亮
  72   1                              led_delay();
  73   1                              P0=0xfe;         //第一个灯亮
  74   1                              led_delay();
  75   1      
  76   1        }
  77          /*************************************************
  78          函数功能：关闭所有LED
  79          **************************************************/
  80          void stop(void)
  81          {
  82   1      P0=0xff;
  83   1      }
  84          /*************************************************
  85          函数功能：闪烁点亮LED
  86          **************************************************/
  87          void flash(void)
  88          {
  89   1        P0=0xff;
  90   1        led_delay();
  91   1        P0=0x00;
  92   1        led_delay();
  93   1      }
  94          /*************************************************
  95          函数功能：键盘扫描子程序
  96          **************************************************/
  97          void key_scan(void)
  98          {
  99   1       if((P1&0xf0)!=0xf0)         //第一次检测到有键按下
 100   1                           {
 101   2                                    delay30ms();   //延时20ms再去检测
 102   2                                              if(S1==0)      //按键S1被按下
 103   2                                               keyval=1;
 104   2                                              if(S2==0)      //按键S2被按下
 105   2                                               keyval=2;
 106   2                                              if(S3==0)      //按键S3被按下
 107   2                                               keyval=3;
 108   2                                              if(S4==0)      //按键S4被按下
 109   2                                               keyval=4;
 110   2                                       }               
 111   1      }
 112          
 113          /*************************************************
 114          函数功能：主函数
 115          **************************************************/
 116          void main(void)  //主函数
 117          {
C51 COMPILER V8.18   EX71                                                                  01/04/2010 13:06:49 PAGE 3   

 118   1              keyval=0;              //按键值初始化为0，什么也不做
 119   1         while(1)
 120   1                 {
 121   2                         key_scan();  
 122   2                              switch(keyval)
 123   2                                        {
 124   3                                           case 1:forward();
 125   3                                                       break;
 126   3                                                case 2:backward();
 127   3                                                       break;
 128   3                                                case 3:stop();
 129   3                                                       break;
 130   3                                                case 4: flash();
 131   3                                                       break;
 132   3                                               }
 133   2                              
 134   2               }
 135   1      }
 136          
 137          
 138          
 139          
 140          
 141          
 142          


MODULE INFORMATION:   STATIC OVERLAYABLE
   CODE SIZE        =    219    ----
   CONSTANT SIZE    =   ----    ----
   XDATA SIZE       =   ----    ----
   PDATA SIZE       =   ----    ----
   DATA SIZE        =      1    ----
   IDATA SIZE       =   ----    ----
   BIT SIZE         =   ----    ----
END OF MODULE INFORMATION.


C51 COMPILATION COMPLETE.  0 WARNING(S),  0 ERROR(S)
