C51 COMPILER V8.02   MAIN                                                                  05/18/2013 13:53:27 PAGE 1   


C51 COMPILER V8.02, COMPILATION OF MODULE MAIN
OBJECT MODULE PLACED IN main.OBJ
COMPILER INVOKED BY: C:\Keil\C51\BIN\C51.EXE main.c BROWSE DEBUG OBJECTEXTEND

line level    source

   1          
   2          #include <reg52.h>                
   3          #include "i2c.h"
   4          #include "delay.h"
   5          #include "display.h"
   6          
   7          #define AddWr 0x90   //写数据地址 
   8          #define AddRd 0x91   //读数据地址
   9          
  10          extern bit ack;
  11          bit WriteDAC(unsigned char dat);
  12          /*------------------------------------------------
  13                        主程序
  14          ------------------------------------------------*/
  15          main()
  16          {
  17   1       unsigned char num=0;
  18   1       Init_Timer0();
  19   1       while (1)         //主循环
  20   1        {
  21   2       WriteDAC(num);
  22   2       num++;//连续累加，值从0-255反复循环，并显示在数码管上，
  23   2       TempData[0]=DuanMa[num/100];    
  24   2       TempData[1]=DuanMa[(num%100)/10];
  25   2       TempData[2]=DuanMa[(num%100)%10];
  26   2       DelayMs(100);
  27   2        }
  28   1      }
  29          
  30          /*------------------------------------------------
  31                         写入DA转换数值
  32          输入参数：dat 表示需要转换的DA数值，范围是0-255
  33          ------------------------------------------------*/
  34          bit WriteDAC(unsigned char dat)
  35          {
  36   1         Start_I2c();               //启动总线
  37   1         SendByte(AddWr);             //发送器件地址
  38   1           if(ack==0)return(0);
  39   1         SendByte(0x40);            //发送器件子地址
  40   1           if(ack==0)return(0);
  41   1         SendByte(dat);             //发送数据
  42   1           if(ack==0)return(0);
  43   1         Stop_I2c();  
  44   1      }


MODULE INFORMATION:   STATIC OVERLAYABLE
   CODE SIZE        =     97    ----
   CONSTANT SIZE    =   ----    ----
   XDATA SIZE       =   ----    ----
   PDATA SIZE       =   ----    ----
   DATA SIZE        =   ----       2
   IDATA SIZE       =   ----    ----
   BIT SIZE         =   ----    ----
END OF MODULE INFORMATION.

C51 COMPILER V8.02   MAIN                                                                  05/18/2013 13:53:27 PAGE 2   


C51 COMPILATION COMPLETE.  0 WARNING(S),  0 ERROR(S)
