C51 COMPILER V7.06   LCD1602                                                               05/13/2009 10:09:46 PAGE 1   


C51 COMPILER V7.06, COMPILATION OF MODULE LCD1602
OBJECT MODULE PLACED IN lcd1602.OBJ
COMPILER INVOKED BY: d:\Keil\C51\BIN\C51.EXE lcd1602.c BROWSE DEBUG OBJECTEXTEND

stmt level    source

   1          
   2          /*1-VSS 2-VDD 3-V0 4-RS 5-R/W 6-E 7-14 DB0-DB7 15-BLA 16-BLK*/
   3          
   4          /*-----------------------------------------------
   5            名称：LCD1602
   6            公司：上海浩豚电子科技有限公司
   7            编写：师访
   8            日期：2009.5
   9            修改：无
  10            内容：通过标准程序静态显示2行字符
  11          ------------------------------------------------*/
  12          #include<reg52.h> //包含头文件，一般情况不需要改动，头文件包含特殊功能寄存器的定义
  13          #include<stdio.h> //标准输入输出
  14          #include<intrins.h>
  15          
  16          
  17          sbit RS = P2^4; //Pin4
  18          sbit RW = P2^5; //Pin5
  19          sbit E  = P2^6; //Pin6
  20          
  21          #define Data  P0//数据端口
  22          
  23          char data TimeNum[]="                ";
  24          char data Test1[]="                  ";
  25          /******************************************************************/
  26          /*                    函数声明                                    */
  27          /******************************************************************/
  28          /******************************************************************/
  29          /*                    微秒延时函数                                */
  30          /******************************************************************/
  31          void DelayUs(unsigned char us)//delay us
  32          {
  33   1       unsigned char uscnt;
  34   1       uscnt=us>>1;        /*12MHz频率*/
  35   1       while(--uscnt);
  36   1      }
  37          /******************************************************************/
  38          /*                    毫秒函数声明                                */
  39          /******************************************************************/
  40          void DelayMs(unsigned char ms)
  41          {
  42   1       while(--ms)
  43   1         {
  44   2           DelayUs(250);
  45   2           DelayUs(250);
  46   2               DelayUs(250);
  47   2               DelayUs(250);
  48   2         }
  49   1      }
  50          /******************************************************************/
  51          /*                   写入命令函数                                 */
  52          /******************************************************************/
  53          void WriteCommand(unsigned char c)
  54          {
  55   1       DelayMs(5);//操作前短暂延时，保证信号稳定
C51 COMPILER V7.06   LCD1602                                                               05/13/2009 10:09:46 PAGE 2   

  56   1       E=0;
  57   1       RS=0;
  58   1       RW=0;
  59   1       _nop_();
  60   1       E=1;
  61   1       Data=c;
  62   1       E=0;
  63   1      }
  64          /******************************************************************/
  65          /*                   写入数据函数                                 */
  66          /******************************************************************/
  67          void WriteData(unsigned char c)
  68          {
  69   1       DelayMs(5);  //操作前短暂延时，保证信号稳定
  70   1       E=0;
  71   1       RS=1;
  72   1       RW=0;
  73   1       _nop_();
  74   1       E=1;
  75   1       Data=c;
  76   1       E=0;
  77   1       RS=0;
  78   1      }
  79          /******************************************************************/
  80          /*                   写入字节函数                                 */
  81          /******************************************************************/
  82          void ShowChar(unsigned char pos,unsigned char c)
  83          {
  84   1       unsigned char p;
  85   1       if (pos>=0x10)
  86   1          p=pos+0xb0; //是第二行则命令代码高4位为0xc
  87   1       else 
  88   1          p=pos+0x80; //是第二行则命令代码高4位为0x8
  89   1       WriteCommand (p);//写命令
  90   1       WriteData (c);   //写数据
  91   1      }
  92          /******************************************************************/
  93          /*                   写入字符串函数                               */
  94          /******************************************************************/
  95          void ShowString (unsigned char line,char *ptr)
  96          {
  97   1       unsigned char l,i;
  98   1       l=line<<4;
  99   1       for (i=0;i<16;i++)
 100   1        ShowChar (l++,*(ptr+i));//循环显示16个字符
 101   1      }
 102          /******************************************************************/
 103          /*                   初始化函数                                   */
 104          /******************************************************************/
 105          void InitLcd()
 106          {
 107   1       DelayMs(15);
 108   1       WriteCommand(0x38); //display mode
 109   1       WriteCommand(0x38); //display mode
 110   1       WriteCommand(0x38); //display mode
 111   1       WriteCommand(0x06); //显示光标移动位置
 112   1       WriteCommand(0x0c); //显示开及光标设置
 113   1       WriteCommand(0x01); //显示清屏
 114   1      
 115   1      }
 116          
 117          
C51 COMPILER V7.06   LCD1602                                                               05/13/2009 10:09:46 PAGE 3   

 118          /******************************************************************/
 119          /*                   主函数                                       */
 120          /******************************************************************/
 121          void main(void)
 122          
 123          {
 124   1      InitLcd();         //初始化LCD
 125   1      DelayMs(15);       //延时保证信号稳定
 126   1      
 127   1      sprintf(Test1," www.haotun.com "); //打印输出第一行信息
 128   1      ShowString(0,Test1);
 129   1      
 130   1      sprintf(TimeNum,"LCM1602 Test ok!");//打印输出第二行信息
 131   1      ShowString(1,TimeNum);
 132   1      
 133   1      while(1);
 134   1      
 135   1      }


MODULE INFORMATION:   STATIC OVERLAYABLE
   CODE SIZE        =    253    ----
   CONSTANT SIZE    =     34    ----
   XDATA SIZE       =   ----    ----
   PDATA SIZE       =   ----    ----
   DATA SIZE        =     36       5
   IDATA SIZE       =   ----    ----
   BIT SIZE         =   ----    ----
END OF MODULE INFORMATION.


C51 COMPILATION COMPLETE.  0 WARNING(S),  0 ERROR(S)
