C51 COMPILER V8.02   EX60                                                                  07/24/2009 14:17:01 PAGE 1   


C51 COMPILER V8.02, COMPILATION OF MODULE EX60
OBJECT MODULE PLACED IN ex60.OBJ
COMPILER INVOKED BY: C:\Keil\C51\BIN\C51.EXE ex60.c BROWSE DEBUG OBJECTEXTEND

line level    source

   1          //用LED数码显示数字5
   2          #include<reg51.h>           //  包含51单片机寄存器定义的头文件
   3          void main(void)
   4          {
   5   1      while(1){
   6   2        P2=0x7f;   //P2.0引脚输出低电平，数码显示器接通电源准备点亮
   7   2        P0=0x92;   //让P0口输出数字"5"的段码92H
   8   2        }
   9   1      }


MODULE INFORMATION:   STATIC OVERLAYABLE
   CODE SIZE        =      8    ----
   CONSTANT SIZE    =   ----    ----
   XDATA SIZE       =   ----    ----
   PDATA SIZE       =   ----    ----
   DATA SIZE        =   ----    ----
   IDATA SIZE       =   ----    ----
   BIT SIZE         =   ----    ----
END OF MODULE INFORMATION.


C51 COMPILATION COMPLETE.  0 WARNING(S),  0 ERROR(S)
