C51 COMPILER V7.06   步进_缁_                                                              05/13/2009 12:38:49 PAGE 1   


C51 COMPILER V7.06, COMPILATION OF MODULE 步进_缁_
OBJECT MODULE PLACED IN 步进电机.OBJ
COMPILER INVOKED BY: d:\Keil\C51\BIN\C51.EXE 步进电机.c BROWSE DEBUG OBJECTEXTEND

stmt level    source

   1          /*-----------------------------------------------
   2            名称：步进电机
   3            公司：上海浩豚电子科技有限公司
   4            网站：www.doflye.cn
   5            编写：师访
   6            日期：2009.5
   7            修改：无
   8            内容：1、本程序用于测试4相步进电机常规驱动 
   9                  2、需要用跳帽或者杜邦线把信号输出端和对应的步进电机信号输入端连接起来
  10                  3、速度不可以调节的过快，不然就没有力矩转动了
  11           ------------------------------------------------*/
  12          
  13          #include <reg52.h>
  14          
  15          
  16          unsigned char code F_Rotation[4]={0x02,0x04,0x08,0x10}; //正转表格，换算成二进制 0000 0010，0000 0100，000
             -0 1000，0001 0000
  17          unsigned char code B_Rotation[4]={0x10,0x08,0x04,0x02}; //反转表格，换算成二进制 0001 0000，0000 1000，000
             -0 0100，0000 0010
  18          /******************************************************************/
  19          /*                    延时函数                                    */
  20          /******************************************************************/
  21          void Delay(unsigned int i)//延时
  22          {
  23   1       while(--i);
  24   1      }
  25          /******************************************************************/
  26          /*                   主函数                                       */
  27          /******************************************************************/
  28          main()
  29          {
  30   1       
  31   1       unsigned char i;
  32   1      
  33   1       while(1)
  34   1       {
  35   2        for(i=0;i<4;i++)      //4相
  36   2           {
  37   3           P1=F_Rotation[i];  //输出对应的相 可以自行换成反转表格
  38   3           Delay(500);        //改变这个参数可以调整电机转速 ,数字越小，转速越大
  39   3               }
  40   2        }
  41   1      }


MODULE INFORMATION:   STATIC OVERLAYABLE
   CODE SIZE        =     32    ----
   CONSTANT SIZE    =      8    ----
   XDATA SIZE       =   ----    ----
   PDATA SIZE       =   ----    ----
   DATA SIZE        =   ----    ----
   IDATA SIZE       =   ----    ----
   BIT SIZE         =   ----    ----
END OF MODULE INFORMATION.


C51 COMPILATION COMPLETE.  0 WARNING(S),  0 ERROR(S)
